do run
loading script "felix_analysis400_120.py"
loading script "felix_pump_ms.py"
loading script "felix_diode.py"
loading script "felix_pump_extraction_line.py"
testing...
no interpolation path defined
executed snippet estimated_duration=624.242112, duration=0.000278949737549
script duration name:analysis400_120 seconds:624.0
loading script "felix_analysis400_120.py"
loading script "felix_pump_ms.py"
loading script "felix_diode.py"
loading script "felix_pump_extraction_line.py"
testing...
no interpolation path defined
executed snippet estimated_duration=0, duration=5.19752502441e-05
loading script "felix_analysis400_120.py"
loading script "felix_pump_ms.py"
loading script "felix_diode.py"
loading script "felix_pump_extraction_line.py"
testing...
no interpolation path defined
calculate duration
testing...
no interpolation path defined
executed snippet estimated_duration=0, duration=0.000105142593384
calculate duration
testing...
no interpolation path defined
executed snippet estimated_duration=0, duration=2.88486480713e-05
calculate duration
testing...
no interpolation path defined
executed snippet estimated_duration=42.0, duration=0.000124931335449
executed snippet estimated_duration=42.0, duration=0.00421094894409
script duration name:diode seconds:42.0
loading script "felix_analysis400_120.py"
loading script "felix_pump_ms.py"
loading script "felix_diode.py"
loading script "felix_pump_extraction_line.py"
testing...
no interpolation path defined
calculate duration
testing...
no interpolation path defined
executed snippet estimated_duration=4.0, duration=0.000230073928833
executed snippet estimated_duration=4.0, duration=0.00154304504395
Script duration 666.0
Run total estimated duration= 667.000
run duration: 0:11:07
doing event level: 2
04:50:21 -- Setting default integration. t=1.048576
setting integration time = 1.048576
SetIntegrationTime 1.048576 ===>> OK
----------------- start -----------------
**************** Experiment Type: Ar/Ar, Ar/Ar
create new session 4738773264
close session 4738773264
$$$$$ Clearing conditionals
adding conditionals 
Add queue conditionals
add default conditionals
adding default conditionals from /Users/obama/PychronDev/setupfiles/spectrometer/default_conditionals.yaml
Start automated run 65600-01I
loading script "felix_analysis400_120.py"
loading script "felix_pump_ms.py"
loading script "felix_diode.py"
loading script "felix_pump_extraction_line.py"
%%%%%%%%%%%%%%%%%% setting automated run 65600-01I
No value "sensitivity_multiplier" in metadata
$$$$$$$$$$$$$$$ auto_save_detector_ic=False
============================= Pre Extraction Check =============================
loading queue conditionals pre_run_terminations
loading system conditionals pre_run_terminations
loading conditionals from /Users/obama/PychronDev/setupfiles/spectrometer/default_conditionals.yaml
04:50:21 -- ******* Pre Extraction Check *******
Get a measurement from the spectrometer
Pre Extraction Termination data. keys=L2(CDD),H2,H1,AX,L1,L2, signals=0.00065,0.17717,-0.22161,-0.09388,-0.19651,0.21875
04:50:21 -- testing system defined conditionals
Checking default pre extraction terminations n=2
testing L2_CDD_
evaluate ot="L2(CDD).inactive" t="L2_CDD_", ctx="{'L2_CDD_': False}"
GetDeflection L2 (CDD) ===>> 0
testing L2_CDD_==3250
evaluate ot="L2(CDD).deflection==3250" t="L2_CDD_==3250", ctx="{'L2_CDD_': 0.0}"
04:50:21 -- ******* Pre Extraction Check Passed *******
=================================================================================
04:50:21 -- stopping status monitor
stop 4710739696
Status monitor stopped
Status monitor finished
04:50:26 -- starting status monitor
start 4710739696
StatusMonitor period=3. Frequencies(state=1, checksum=3, lock=5, owner=5)
start extraction
do extraction
Analysis started at 04:50:30.889949
Extraction Started felix_diode.py
04:50:30 -- ******* Extraction Started felix_diode.py *******
state changed from not run to extraction
DO EXTRACTION <pychron.extraction_line.pyscript_runner.RemotePyScriptRunner object at 0x11b8749b0>
testing...
no interpolation path defined
calculate duration
testing...
no interpolation path defined
executed snippet estimated_duration=0, duration=0.000109910964966
calculate duration
testing...
no interpolation path defined
executed snippet estimated_duration=0, duration=2.59876251221e-05
calculate duration
testing...
no interpolation path defined
executed snippet estimated_duration=42.0, duration=0.000125169754028
executed snippet estimated_duration=324.0, duration=0.00529003143311
Felix unknown laser analysis
set_motor ('beam', '3.0') {}
setting motor "beam" to 3.0
set motor beam to 3.0
SetMotor beam,3.0 ===>> OK
GetMotorMoving beam ===>> False
GetMotorMoving beam ===>> False
Block completed
doing GOSUB
testing...
no interpolation path defined
executed snippet estimated_duration=0, duration=0.000134944915771
Prepare for Diode Analysis
close () {'description': 'Felix Inlet'}
close name=--- desc=Felix Inlet
checking ownership. requestor=129.138.12.137
check software interlocks H
interlocks []
actuate state mode=None-script, software_lock=False
doing actuation None-script close_channel False
Close H ===>> OK
GetIndicatorState H ===>> False
change switch state (True, True)
update switch state H False args=() kw={} ncanvase=2
04:50:32 -- CLOSE  VALVE-H (Felix Inlet)
-------------------------- close None (Felix Inlet) result=[(True, True)]
action=close, ok=True, locked=[False]
open () {'description': 'Felix Ion Pump'}
open name=--- desc=Felix Ion Pump
checking ownership. requestor=129.138.12.137
check software interlocks V
interlocks []
actuate state mode=None-script, software_lock=False
doing actuation None-script open_channel False
Open V ===>> OK
GetIndicatorState V ===>> OK
change switch state (True, True)
update switch state V True args=() kw={} ncanvase=2
04:50:32 -- OPEN   VALVE-V (Felix Ion Pump)
-------------------------- open None (Felix Ion Pump) result=[(True, True)]
action=open, ok=True, locked=[False]
close () {'description': 'Bone to Minibone'}
close name=--- desc=Bone to Minibone
checking ownership. requestor=129.138.12.137
check software interlocks E
interlocks []
actuate state mode=None-script, software_lock=False
doing actuation None-script close_channel False
Close E ===>> OK
GetIndicatorState E ===>> False
change switch state (True, True)
update switch state E False args=() kw={} ncanvase=2
04:50:32 -- CLOSE  VALVE-E (Bone to Minibone)
-------------------------- close None (Bone to Minibone) result=[(True, True)]
action=close, ok=True, locked=[False]
open () {'description': 'Bone to Getter GP-50'}
open name=--- desc=Bone to Getter GP-50
checking ownership. requestor=129.138.12.137
check software interlocks N
interlocks []
actuate state mode=None-script, software_lock=False
doing actuation None-script open_channel False
Open N ===>> OK
GetIndicatorState N ===>> OK
change switch state (True, True)
update switch state N True args=() kw={} ncanvase=2
04:50:33 -- OPEN   VALVE-N (Bone to Getter GP-50)
-------------------------- open None (Bone to Getter GP-50) result=[(True, True)]
action=open, ok=True, locked=[False]
close () {'description': 'Bone to CO2 Laser'}
close name=--- desc=Bone to CO2 Laser
checking ownership. requestor=129.138.12.137
check software interlocks D
interlocks []
actuate state mode=None-script, software_lock=False
doing actuation None-script close_channel True
Close D ===>> OK
GetIndicatorState D ===>> False
change switch state (True, True)
update switch state D False args=() kw={} ncanvase=2
04:50:33 -- CLOSE  VALVE-D (Bone to CO2 Laser)
-------------------------- close None (Bone to CO2 Laser) result=[(True, True)]
action=close, ok=True, locked=[False]
open () {'description': 'Bone to Diode Laser'}
open name=--- desc=Bone to Diode Laser
checking ownership. requestor=129.138.12.137
check software interlocks B
interlocks []
actuate state mode=None-script, software_lock=False
doing actuation None-script open_channel False
Open B ===>> OK
GetIndicatorState B ===>> OK
change switch state (True, True)
update switch state B True args=() kw={} ncanvase=2
04:50:34 -- OPEN   VALVE-B (Bone to Diode Laser)
-------------------------- open None (Bone to Diode Laser) result=[(True, True)]
action=open, ok=True, locked=[False]
executed snippet estimated_duration=0, duration=2.54897785187
PrepareForDiodeAnalysis.py completed successfully
gosub finished
doing GOSUB
testing...
no interpolation path defined
executed snippet estimated_duration=0, duration=4.41074371338e-05
Isolate coldfinger
close () {'name': 'B', 'description': 'Bone to Diode Laser'}
close name=B desc=Bone to Diode Laser
checking ownership. requestor=129.138.12.137
check software interlocks B
interlocks []
actuate state mode=None-script, software_lock=False
doing actuation None-script close_channel True
Close B ===>> OK
GetIndicatorState B ===>> False
change switch state (True, True)
update switch state B False args=() kw={} ncanvase=2
04:50:34 -- CLOSE  VALVE-B (Bone to Diode Laser)
-------------------------- close B (Bone to Diode Laser) result=[(True, True)]
action=close, ok=True, locked=[False]
executed snippet estimated_duration=0, duration=0.44686293602
IsolateDiodeColdfinger.py completed successfully
gosub finished
open () {'description': 'Bone to Turbo'}
open name=--- desc=Bone to Turbo
checking ownership. requestor=129.138.12.137
check software interlocks C
interlocks []
actuate state mode=None-script, software_lock=False
doing actuation None-script open_channel False
Open C ===>> OK
GetIndicatorState C ===>> OK
change switch state (True, True)
update switch state C True args=() kw={} ncanvase=2
04:50:35 -- OPEN   VALVE-C (Bone to Turbo)
-------------------------- open None (Bone to Turbo) result=[(True, True)]
action=open, ok=True, locked=[False]
Diodelaser enabled. Heating sample.
enable () {}
set extraction state FusionsDiode Enabled (False, 'red', 1.5)
enabling laser
Enable ===>> OK
move_to_position ('27',) {}
FusionsDiode move to position 27
sending GoToHole 27,True
GoToHole 27,True ===>> OK
GetDriveMoving ===>> False
GetDriveMoving ===>> False
Block completed
GetAutoCorrecting ===>> False
GetAutoCorrecting ===>> False
Block completed
update position
GetPosition ===>> 4.80060,-4.80060,8.00000
got position (4.8006, -4.8006, 8.0)
move to position succeeded
BEGIN INTERVAL Interval 1 waiting for 40.0
block started
set extract to 7.0 (watts)
WaitControl setup for 40.0  
extract () {}
GetPosition ===>> 4.80060,-4.80060,8.00000
set extraction state FusionsDiode ON! 7.0(watts) (0.75, 'red', 1.5)
extract sample to 7.0 (watts)
set laser output
SetLaserOutput 7.0,watts ===>> OK
sleep (2,) {}
SLEEP 2.0
block started
WaitControl setup for 2.0  
Join finished
block finished. duration 2.01231193542
executing pattern diamond_37hole_3mmbeam.lp
execute_pattern ('diamond_37hole_3mmbeam.lp',) {}
executing pattern diamond_37hole_3mmbeam.lp
IsPatterning ===>> OK
IsPatterning ===>> OK
IsPatterning ===>> OK
IsPatterning ===>> OK
IsPatterning ===>> OK
IsPatterning ===>> OK
IsPatterning ===>> OK
IsPatterning ===>> OK
IsPatterning ===>> OK
IsPatterning ===>> OK
IsPatterning ===>> OK
IsPatterning ===>> OK
IsPatterning ===>> OK
IsPatterning ===>> OK
IsPatterning ===>> OK
IsPatterning ===>> OK
IsPatterning ===>> OK
IsPatterning ===>> OK
IsPatterning ===>> OK
IsPatterning ===>> OK
IsPatterning ===>> OK
IsPatterning ===>> OK
IsPatterning ===>> OK
IsPatterning ===>> OK
IsPatterning ===>> OK
IsPatterning ===>> OK
IsPatterning ===>> OK
IsPatterning ===>> OK
IsPatterning ===>> OK
IsPatterning ===>> OK
IsPatterning ===>> OK
IsPatterning ===>> OK
IsPatterning ===>> OK
IsPatterning ===>> OK
IsPatterning ===>> OK
IsPatterning ===>> OK
Join finished
block finished. duration 40.1524908543
Interval 1 finished
IsPatterning ===>> False
IsPatterning ===>> False
Block completed
COMPLETE INTERVAL waiting for Interval 1 to complete
Diode laser disabled.
disable () {}
%%%%%%%%%%%%%%%%%%%%%%%%%%%%%%%%%%% disable
set extraction state False (0.75, 'red', 1.5)
disabling laser
Disable ===>> OK
doing GOSUB
testing...
no interpolation path defined
executed snippet estimated_duration=42.0, duration=0.000123023986816
Equilibrate then isolate coldfinger
close () {'name': 'C', 'description': 'Bone to Turbo'}
close name=C desc=Bone to Turbo
checking ownership. requestor=129.138.12.137
check software interlocks C
interlocks []
actuate state mode=None-script, software_lock=False
doing actuation None-script close_channel True
Close C ===>> OK
GetIndicatorState C ===>> False
change switch state (True, True)
update switch state C False args=() kw={} ncanvase=2
04:51:19 -- CLOSE  VALVE-C (Bone to Turbo)
-------------------------- close C (Bone to Turbo) result=[(True, True)]
action=close, ok=True, locked=[False]
sleep (1,) {}
SLEEP 1.0
open () {'name': 'B', 'description': 'Bone to Diode Laser'}
open name=B desc=Bone to Diode Laser
checking ownership. requestor=129.138.12.137
check software interlocks B
interlocks []
actuate state mode=None-script, software_lock=False
doing actuation None-script open_channel True
Open B ===>> OK
GetIndicatorState B ===>> OK
change switch state (True, True)
update switch state B True args=() kw={} ncanvase=2
04:51:20 -- OPEN   VALVE-B (Bone to Diode Laser)
-------------------------- open B (Bone to Diode Laser) result=[(True, True)]
action=open, ok=True, locked=[False]
sleep (20,) {}
SLEEP 20.0
block started
WaitControl setup for 20.0  
set states for children of O. state=True
handle state [('O', True)]
update switch state O True args=() kw={'refresh': False} ncanvase=2
refresh_canvas_needed fired
Join finished
block finished. duration 20.1107239723
close () {'name': 'B', 'description': 'Bone to Diode Laser'}
close name=B desc=Bone to Diode Laser
checking ownership. requestor=129.138.12.137
check software interlocks B
interlocks []
actuate state mode=None-script, software_lock=False
doing actuation None-script close_channel True
Close B ===>> OK
GetIndicatorState B ===>> False
change switch state (True, True)
update switch state B False args=() kw={} ncanvase=2
04:51:41 -- CLOSE  VALVE-B (Bone to Diode Laser)
-------------------------- close B (Bone to Diode Laser) result=[(True, True)]
action=close, ok=True, locked=[False]
executed snippet estimated_duration=63.0, duration=22.3612518311
EquilibrateThenIsolateDiodeColdfinger.py completed successfully
gosub finished
sleep (120.0,) {}
SLEEP 120.0
block started
WaitControl setup for 120.0  
set states for children of U. state=False
handle state [('U', False)]
update switch state U False args=() kw={'refresh': False} ncanvase=2
refresh_canvas_needed fired
Join finished
block finished. duration 120.464528084
executed snippet estimated_duration=486.0, duration=191.33050704
felix_diode.py completed successfully
GetAchievedOutput ===>> No Response
Requested Output= 0.000
Achieved Output=  0.000
GetResponseBlob ===>> oj[178]N[00][00][00][00][00]X[253]=[00][00][250]D[219][221][07]@[00][00][250]D[249][230][131]@[00...
GetOutputBlob ===>> oj[178]N[00][00][00][00][00]X[253]=[190][25][185]A[219][221][07]@[00][00][00][00][249][230][131]@...
persistence save...
persistence save - db
AutomatedRunPersister post_extraction_save deprecated
persistence save - dvc
no extraction position for 27
Extraction Finished
04:53:42 -- ******* Extraction Finished *******
no overlap. not waiting for min ms pumptime
04:53:42 -- Sending spectrometer configuration
======== Sending configuration ========
SetZFocus 1.65 ===>> OK
SetHV 9900.0 ===>> OK
SetZSymmetry 3.35 ===>> OK
SetExtractionLens 63.57 ===>> OK
SetIonRepeller -5.15 ===>> OK
SetElectronEnergy 125.02 ===>> OK
SetYSymmetry 38.07 ===>> OK
send trap current 250.0
GetParameter Trap Current Readback ===>> 248.942501373375
SetParameter Trap Current Set,250.0 ===>> OK
updating mftable name argon
Using mftable located at /Users/obama/PychronDev/setupfiles/spectrometer/mftables/argon.csv
============ MFtable ===========
Isotope  H2     H1     AX     L1     L2     L2(CDD)
Ar40     3.7649 3.8417 3.9217 4.0046 4.1079 4.0934
Ar39     3.6905 3.7663 3.8448 3.9291 4.0272 4.0124
Ar36     3.4642 3.5356 3.6092 3.6865 3.7908 3.7664
================================
get initial guess parabolic
get initial guess parabolic
get initial guess parabolic
get initial guess parabolic
get initial guess parabolic
get initial guess parabolic
======== Configuration Finished ========
GetYSymmetry ===>> 38.07
GetZSymmetry ===>> 3.35
GetParameter Trap Current Readback ===>> 247.935542940853
GetHighVoltage ===>> 9900
start measurement
do measurement
L#=65600 analysis type=unknown
Measurement Started felix_analysis400_120.py
04:53:42 -- ******* Measurement Started felix_analysis400_120.py *******
state changed from extraction to measurement
setting trap, emission, spec, defl, and gains
GetExtractionLens ===>> 63.57
GetYSymmetry ===>> 38.07
GetZSymmetry ===>> 3.35
GetZFocus ===>> 1.65
GetDeflection H2 (CDD) ===>> 3250
GetDeflection H1 (CDD) ===>> 3250
GetDeflection AX (CDD) ===>> 3250
GetDeflection L1 (CDD) ===>> 3250
GetDeflection L2 (CDD) ===>> 0
GetGain H2 ===>> 0.9809305
GetGain H1 ===>> 0.97476
GetGain AX ===>> 0.96253
GetGain L1 ===>> 0.970094835296087
GetGain L2 ===>> 0.967359864778375
GetGain H2(CDD) ===>> 0
GetGain H1(CDD) ===>> 0
GetGain AX(CDD) ===>> 0
GetGain L1(CDD) ===>> 0
GetGain L2(CDD) ===>> 0
GetParameter Trap Current Readback ===>> 248.159311481414
GetParameter Source Current Readback ===>> 874.910333882683
pre measurement save
New frame /Users/obama/PychronDev/data/isotopes/3a/1a4d40-0124-41ca-9e1d-3e2558169be1.h5
flush and close file /Users/obama/PychronDev/data/isotopes/3a/1a4d40-0124-41ca-9e1d-3e2558169be1.h5
testing...
no interpolation path defined
executed snippet estimated_duration=650.242112, duration=0.000256061553955
unknown measurement script
activate_detectors ('H2', 'H1', 'AX', 'L1', 'L2(CDD)') {}
activate detectors
*************** Set Analysis View Ar/Ar
create graphs
clearing graphs
clear isotope group
setting isotope det=H2, iso=Ar40
setting isotope det=H1, iso=Ar39
setting isotope det=AX, iso=Ar38
setting isotope det=L1, iso=Ar37
setting isotope det=L2(CDD), iso=Ar36
setting previous blanks
 - setting Ar40 blank 0.157+/-0.022
 - setting Ar36 blank 0.00101+/-0.00008
 - setting Ar37 blank 0.010+/-0.011
 - setting Ar38 blank 0.036+/-0.012
 - setting Ar39 blank 0.043+/-0.022
load analysis view
position_magnet ('Ar40',) {'detector': 'H2'}
detector Detector(H2)
POSITION Ar40 H2
setting detector H2 to Ar40 (39.9624)
setting detector H1 to Ar39 (38.8624)
setting detector AX to Ar38 (37.9624)
setting detector L1 to Ar37 (36.9624)
setting detector L2 to Ar36 (35.8624)
setting detector H2(CDD) to Ar40 (39.8624)
setting detector H1(CDD) to Ar39 (38.8624)
setting detector AX(CDD) to Ar38 (37.8624)
setting detector L1(CDD) to Ar37 (36.8624)
setting detector L2(CDD) to Ar36 (35.9624)
Mapping mass to dac mass func: "parabolic"
H2 map mass coeffs = [ -2.56720193e-04   9.47812314e-02   3.87224975e-01]
H2 map mass to dac 39.9624 >> 3.76493
GetHighVoltage ===>> 9900
positioning Ar40 (3.76493) on H2
setting magnet DAC
current  : 3.764928
requested: 3.764930
Delta Dac: 0.000002
Checking detector protection. dv=0.00000
SetMagnetDAC 3.76493 ===>> OK
Magnet settling time: 0.500 0.500
Magnet settling complete
set_dac. change=True
update labels <pychron.experiment.plot_panel.PlotPanel object at 0x124bd3290>
update labels "<pychron.graph.stacked_regression_graph.StackedRegressionGraph object at 0x140f1c650>"
setting label 0 H2 Ar40
setting label 1 H1 Ar39
setting label 2 AX Ar38
setting label 3 L1 Ar37
setting label 4 L2(CDD) Ar36
update labels "<pychron.graph.stacked_graph.StackedGraph object at 0x140f1c470>"
setting label 0 H2 Ar40
setting label 1 H1 Ar39
setting label 2 AX Ar38
setting label 3 L1 Ar37
setting label 4 L2(CDD) Ar36
equilibrate () {'delay': 3, 'inlet': 'H', 'outlet': 'V', 'eqtime': 25.0}
Equilibration Started
04:53:43 -- ******* Equilibration Started *******
checking ownership. requestor=129.138.12.137
check software interlocks V
interlocks []
actuate state mode=None-script, software_lock=False
doing actuation None-script close_channel True
Close V ===>> OK
GetIndicatorState V ===>> False
change switch state (True, True)
update switch state V False args=() kw={} ncanvase=2
04:53:43 -- CLOSE  VALVE-V (Felix Ion Pump)
waiting 3s before opening inlet value ('H',)
checking ownership. requestor=129.138.12.137
check software interlocks H
interlocks []
actuate state mode=None-script, software_lock=False
doing actuation None-script open_channel True
Open H ===>> OK
GetIndicatorState H ===>> OK
change switch state (True, True)
update switch state H True args=() kw={} ncanvase=2
04:53:46 -- OPEN   VALVE-H (Felix Inlet)
equilibrating for 25.0sec
set_time_zero () {}
sniff (25.0,) {}
py_sniff
build tables- sniff [Detector(H2), Detector(H1), Detector(AX), Detector(L1), Detector(L2(CDD))]
add group /sniff/Ar40 (Group) u'' table H2
add group /sniff/Ar39 (Group) u'' table H1
add group /sniff/Ar38 (Group) u'' table AX
add group /sniff/Ar37 (Group) u'' table L1
add group /sniff/Ar36 (Group) u'' table L2(CDD)
flush and close file /Users/obama/PychronDev/data/isotopes/3a/1a4d40-0124-41ca-9e1d-3e2558169be1.h5
measuring sniff. ncounts=25.0
"sniff" increment series count="1" fit count="0" regressing="False"
starting measurement
set states for children of O. state=False
handle state [('O', False)]
update switch state O False args=() kw={'refresh': False} ncanvase=2
refresh_canvas_needed fired
set states for children of R. state=True
handle state [('R', True)]
update switch state R True args=() kw={'refresh': False} ncanvase=2
refresh_canvas_needed fired
Equilibration Finished
04:54:11 -- ******* Equilibration Finished *******
checking ownership. requestor=129.138.12.137
check software interlocks H
interlocks []
actuate state mode=None-script, software_lock=False
doing actuation None-script close_channel True
Close H ===>> OK
GetIndicatorState H ===>> False
change switch state (True, True)
update switch state H False args=() kw={} ncanvase=2
04:54:12 -- CLOSE  VALVE-H (Felix Inlet)
Post Equilibration Started felix_pump_extraction_line.py
04:54:12 -- ******* Post Equilibration Started felix_pump_extraction_line.py *******
testing...
no interpolation path defined
calculate duration
testing...
no interpolation path defined
executed snippet estimated_duration=4.0, duration=0.000271081924438
executed snippet estimated_duration=4.0, duration=0.0303380489349
Pump after analysis
doing GOSUB
testing...
no interpolation path defined
executed snippet estimated_duration=4.0, duration=0.000241041183472
Pump Bone
close () {'description': 'Felix Inlet'}
close name=--- desc=Felix Inlet
checking ownership. requestor=129.138.12.137
check software interlocks H
interlocks []
actuate state mode=None-script, software_lock=False
doing actuation None-script close_channel False
Close H ===>> OK
04:54:12 -- collecting point 25
GetIndicatorState H ===>> False
change switch state (True, True)
update switch state H False args=() kw={} ncanvase=2
04:54:12 -- CLOSE  VALVE-H (Felix Inlet)
-------------------------- close None (Felix Inlet) result=[(True, True)]
action=close, ok=True, locked=[False]
is_closed ('A',) {}
is A () closed?
is closed False
close () {'description': 'CO2 Laser to Bone'}
close name=--- desc=CO2 Laser to Bone
checking ownership. requestor=129.138.12.137
check software interlocks F
interlocks []
actuate state mode=None-script, software_lock=True
VALVE-F(CO2 Laser to Bone) software locked
change switch state (True, False)
-------------------------- close None (CO2 Laser to Bone) result=[(True, False)]
action=close, ok=True, locked=[True]
sleep (1,) {}
SLEEP 1.0
waiting for write to finish
measurement finished
estimated time: 26.214 actual time: :26.415
flush and close file /Users/obama/PychronDev/data/isotopes/3a/1a4d40-0124-41ca-9e1d-3e2558169be1.h5
set_fits () {}
using default fits file=/Users/obama/PychronDev/scripts/measurement/fits/nominal.yaml
set "Ar40" to "('Parabolic', 'SEM')"
set "Ar36" to "('Parabolic', 'SEM')"
set "Ar37" to "('linear', 'SEM')"
set "Ar38" to "('linear', 'SEM')"
set "Ar39" to "('Parabolic', 'SEM')"
set_baseline_fits () {}
using default fits file=/Users/obama/PychronDev/scripts/measurement/fits/nominal.yaml
set "H2" to "('average', 'SEM')"
set "L2(CDD)" to "('average', 'SEM')"
set "L1" to "('average', 'SEM')"
set "AX" to "('average', 'SEM')"
set "H1" to "('average', 'SEM')"
multicollect () {'integration_time': 1.048576, 'ncounts': 400}
build tables- signal [Detector(H2), Detector(H1), Detector(AX), Detector(L1), Detector(L2(CDD))]
add group /signal/Ar40 (Group) u'' table H2
add group /signal/Ar39 (Group) u'' table H1
add group /signal/Ar38 (Group) u'' table AX
add group /signal/Ar37 (Group) u'' table L1
add group /signal/Ar36 (Group) u'' table L2(CDD)
flush and close file /Users/obama/PychronDev/data/isotopes/3a/1a4d40-0124-41ca-9e1d-3e2558169be1.h5
measuring signal. ncounts=400
close () {'description': 'CO2 Laser to Roughing'}
close name=--- desc=CO2 Laser to Roughing
checking ownership. requestor=129.138.12.137
check software interlocks G
interlocks []
actuate state mode=None-script, software_lock=True
VALVE-G(CO2 Laser to Roughing) software locked
change switch state (True, False)
-------------------------- close None (CO2 Laser to Roughing) result=[(True, False)]
action=close, ok=True, locked=[True]
open () {'description': 'Bone to Turbo'}
open name=--- desc=Bone to Turbo
checking ownership. requestor=129.138.12.137
check software interlocks C
interlocks []
actuate state mode=None-script, software_lock=False
doing actuation None-script open_channel True
"signal" increment series count="2" fit count="1" regressing="True"
Open C ===>> OK
GetIndicatorState C ===>> OK
change switch state (True, True)
update switch state C True args=() kw={} ncanvase=2
04:54:14 -- OPEN   VALVE-C (Bone to Turbo)
-------------------------- open None (Bone to Turbo) result=[(True, True)]
action=open, ok=True, locked=[False]
open () {'description': 'Bone to Getter GP-50'}
open name=--- desc=Bone to Getter GP-50
checking ownership. requestor=129.138.12.137
check software interlocks N
interlocks []
actuate state mode=None-script, software_lock=False
doing actuation None-script open_channel False
set states for children of R. state=False
set states for children of U. state=True
handle state [('R', False), ('U', True)]
update switch state R False args=() kw={'refresh': True} ncanvase=2
update switch state U True args=() kw={'refresh': False} ncanvase=2
Open N ===>> OK
refresh_canvas_needed fired
starting measurement
GetIndicatorState N ===>> OK
change switch state (True, True)
update switch state N True args=() kw={} ncanvase=2
04:54:14 -- OPEN   VALVE-N (Bone to Getter GP-50)
-------------------------- open None (Bone to Getter GP-50) result=[(True, True)]
action=open, ok=True, locked=[False]
open () {'description': 'Bone to Diode Laser'}
open name=--- desc=Bone to Diode Laser
checking ownership. requestor=129.138.12.137
check software interlocks B
interlocks []
actuate state mode=None-script, software_lock=False
doing actuation None-script open_channel True
Open B ===>> OK
GetIndicatorState B ===>> OK
change switch state (True, True)
update switch state B True args=() kw={} ncanvase=2
04:54:15 -- OPEN   VALVE-B (Bone to Diode Laser)
-------------------------- open None (Bone to Diode Laser) result=[(True, True)]
action=open, ok=True, locked=[False]
open () {'description': 'Bone to CO2 Laser'}
open name=--- desc=Bone to CO2 Laser
checking ownership. requestor=129.138.12.137
check software interlocks D
interlocks []
actuate state mode=None-script, software_lock=False
doing actuation None-script open_channel True
Open D ===>> OK
GetIndicatorState D ===>> OK
change switch state (True, True)
update switch state D True args=() kw={} ncanvase=2
04:54:15 -- OPEN   VALVE-D (Bone to CO2 Laser)
-------------------------- open None (Bone to CO2 Laser) result=[(True, True)]
action=open, ok=True, locked=[False]
sleep (1,) {}
SLEEP 1.0
set_resource () {'name': 'CO2PumpTimeFlag', 'value': 30}
Set CO2PumpTimeFlag 30 ===>> OK
release ('FelixCO2Flag',) {}
release FelixCO2Flag
Set FelixCO2Flag 0 ===>> OK
executed snippet estimated_duration=6.0, duration=4.34559392929
PumpBone.py completed successfully
gosub finished
get_resource_value () {'name': 'FelixMiniboneFlag'}
Read FelixMiniboneFlag ===>> 0
Get Resource Value FelixMiniboneFlag=0.0
executed snippet estimated_duration=4.0, duration=4.35356020927
felix_pump_extraction_line.py completed successfully
Post Equilibration Finished
04:54:16 -- ******* Post Equilibration Finished *******
GetDeflection L2 (CDD) ===>> 0
testing L2_CDD_==3250
evaluate ot="L2(CDD).deflection==3250" t="L2_CDD_==3250", ctx="{'L2_CDD_': 0.0}"
GetDeflection L2 (CDD) ===>> 0
testing L2_CDD_==3250
evaluate ot="L2(CDD).deflection==3250" t="L2_CDD_==3250", ctx="{'L2_CDD_': 0.0}"
04:54:39 -- collecting point 25
GetDeflection L2 (CDD) ===>> 0
testing L2_CDD_==3250
evaluate ot="L2(CDD).deflection==3250" t="L2_CDD_==3250", ctx="{'L2_CDD_': 0.0}"
GetDeflection L2 (CDD) ===>> 0
testing L2_CDD_==3250
evaluate ot="L2(CDD).deflection==3250" t="L2_CDD_==3250", ctx="{'L2_CDD_': 0.0}"
04:55:06 -- collecting point 50
GetDeflection L2 (CDD) ===>> 0
testing L2_CDD_==3250
evaluate ot="L2(CDD).deflection==3250" t="L2_CDD_==3250", ctx="{'L2_CDD_': 0.0}"
GetDeflection L2 (CDD) ===>> 0
testing L2_CDD_==3250
evaluate ot="L2(CDD).deflection==3250" t="L2_CDD_==3250", ctx="{'L2_CDD_': 0.0}"
GetDeflection L2 (CDD) ===>> 0
testing L2_CDD_==3250
evaluate ot="L2(CDD).deflection==3250" t="L2_CDD_==3250", ctx="{'L2_CDD_': 0.0}"
04:55:32 -- collecting point 75
GetDeflection L2 (CDD) ===>> 0
testing L2_CDD_==3250
evaluate ot="L2(CDD).deflection==3250" t="L2_CDD_==3250", ctx="{'L2_CDD_': 0.0}"
GetDeflection L2 (CDD) ===>> 0
testing L2_CDD_==3250
evaluate ot="L2(CDD).deflection==3250" t="L2_CDD_==3250", ctx="{'L2_CDD_': 0.0}"
04:55:58 -- collecting point 100
GetDeflection L2 (CDD) ===>> 0
testing L2_CDD_==3250
evaluate ot="L2(CDD).deflection==3250" t="L2_CDD_==3250", ctx="{'L2_CDD_': 0.0}"
GetDeflection L2 (CDD) ===>> 0
testing L2_CDD_==3250
evaluate ot="L2(CDD).deflection==3250" t="L2_CDD_==3250", ctx="{'L2_CDD_': 0.0}"
GetDeflection L2 (CDD) ===>> 0
testing L2_CDD_==3250
evaluate ot="L2(CDD).deflection==3250" t="L2_CDD_==3250", ctx="{'L2_CDD_': 0.0}"
04:56:25 -- collecting point 125
GetDeflection L2 (CDD) ===>> 0
testing L2_CDD_==3250
evaluate ot="L2(CDD).deflection==3250" t="L2_CDD_==3250", ctx="{'L2_CDD_': 0.0}"
GetDeflection L2 (CDD) ===>> 0
testing L2_CDD_==3250
evaluate ot="L2(CDD).deflection==3250" t="L2_CDD_==3250", ctx="{'L2_CDD_': 0.0}"
04:56:51 -- collecting point 150
GetDeflection L2 (CDD) ===>> 0
testing L2_CDD_==3250
evaluate ot="L2(CDD).deflection==3250" t="L2_CDD_==3250", ctx="{'L2_CDD_': 0.0}"
GetDeflection L2 (CDD) ===>> 0
testing L2_CDD_==3250
evaluate ot="L2(CDD).deflection==3250" t="L2_CDD_==3250", ctx="{'L2_CDD_': 0.0}"
GetDeflection L2 (CDD) ===>> 0
testing L2_CDD_==3250
evaluate ot="L2(CDD).deflection==3250" t="L2_CDD_==3250", ctx="{'L2_CDD_': 0.0}"
04:57:17 -- collecting point 175
GetDeflection L2 (CDD) ===>> 0
testing L2_CDD_==3250
evaluate ot="L2(CDD).deflection==3250" t="L2_CDD_==3250", ctx="{'L2_CDD_': 0.0}"
GetDeflection L2 (CDD) ===>> 0
testing L2_CDD_==3250
evaluate ot="L2(CDD).deflection==3250" t="L2_CDD_==3250", ctx="{'L2_CDD_': 0.0}"
04:57:43 -- collecting point 200
GetDeflection L2 (CDD) ===>> 0
testing L2_CDD_==3250
evaluate ot="L2(CDD).deflection==3250" t="L2_CDD_==3250", ctx="{'L2_CDD_': 0.0}"
GetDeflection L2 (CDD) ===>> 0
testing L2_CDD_==3250
evaluate ot="L2(CDD).deflection==3250" t="L2_CDD_==3250", ctx="{'L2_CDD_': 0.0}"
GetDeflection L2 (CDD) ===>> 0
testing L2_CDD_==3250
evaluate ot="L2(CDD).deflection==3250" t="L2_CDD_==3250", ctx="{'L2_CDD_': 0.0}"
04:58:10 -- collecting point 225
GetDeflection L2 (CDD) ===>> 0
testing L2_CDD_==3250
evaluate ot="L2(CDD).deflection==3250" t="L2_CDD_==3250", ctx="{'L2_CDD_': 0.0}"
GetDeflection L2 (CDD) ===>> 0
testing L2_CDD_==3250
evaluate ot="L2(CDD).deflection==3250" t="L2_CDD_==3250", ctx="{'L2_CDD_': 0.0}"
set states for children of O. state=True
handle state [('O', True)]
update switch state O True args=() kw={'refresh': False} ncanvase=2
refresh_canvas_needed fired
04:58:36 -- collecting point 250
GetDeflection L2 (CDD) ===>> 0
testing L2_CDD_==3250
evaluate ot="L2(CDD).deflection==3250" t="L2_CDD_==3250", ctx="{'L2_CDD_': 0.0}"
GetDeflection L2 (CDD) ===>> 0
testing L2_CDD_==3250
evaluate ot="L2(CDD).deflection==3250" t="L2_CDD_==3250", ctx="{'L2_CDD_': 0.0}"
GetDeflection L2 (CDD) ===>> 0
testing L2_CDD_==3250
evaluate ot="L2(CDD).deflection==3250" t="L2_CDD_==3250", ctx="{'L2_CDD_': 0.0}"
04:59:02 -- collecting point 275
GetDeflection L2 (CDD) ===>> 0
testing L2_CDD_==3250
evaluate ot="L2(CDD).deflection==3250" t="L2_CDD_==3250", ctx="{'L2_CDD_': 0.0}"
GetDeflection L2 (CDD) ===>> 0
testing L2_CDD_==3250
evaluate ot="L2(CDD).deflection==3250" t="L2_CDD_==3250", ctx="{'L2_CDD_': 0.0}"
04:59:29 -- collecting point 300
GetDeflection L2 (CDD) ===>> 0
testing L2_CDD_==3250
evaluate ot="L2(CDD).deflection==3250" t="L2_CDD_==3250", ctx="{'L2_CDD_': 0.0}"
GetDeflection L2 (CDD) ===>> 0
testing L2_CDD_==3250
evaluate ot="L2(CDD).deflection==3250" t="L2_CDD_==3250", ctx="{'L2_CDD_': 0.0}"
set states for children of U. state=False
handle state [('U', False)]
update switch state U False args=() kw={'refresh': False} ncanvase=2
refresh_canvas_needed fired
GetDeflection L2 (CDD) ===>> 0
testing L2_CDD_==3250
evaluate ot="L2(CDD).deflection==3250" t="L2_CDD_==3250", ctx="{'L2_CDD_': 0.0}"
04:59:55 -- collecting point 325
GetDeflection L2 (CDD) ===>> 0
testing L2_CDD_==3250
evaluate ot="L2(CDD).deflection==3250" t="L2_CDD_==3250", ctx="{'L2_CDD_': 0.0}"
GetDeflection L2 (CDD) ===>> 0
testing L2_CDD_==3250
evaluate ot="L2(CDD).deflection==3250" t="L2_CDD_==3250", ctx="{'L2_CDD_': 0.0}"
05:00:21 -- collecting point 350
GetDeflection L2 (CDD) ===>> 0
testing L2_CDD_==3250
evaluate ot="L2(CDD).deflection==3250" t="L2_CDD_==3250", ctx="{'L2_CDD_': 0.0}"
GetDeflection L2 (CDD) ===>> 0
testing L2_CDD_==3250
evaluate ot="L2(CDD).deflection==3250" t="L2_CDD_==3250", ctx="{'L2_CDD_': 0.0}"
GetDeflection L2 (CDD) ===>> 0
testing L2_CDD_==3250
evaluate ot="L2(CDD).deflection==3250" t="L2_CDD_==3250", ctx="{'L2_CDD_': 0.0}"
05:00:48 -- collecting point 375
GetDeflection L2 (CDD) ===>> 0
testing L2_CDD_==3250
evaluate ot="L2(CDD).deflection==3250" t="L2_CDD_==3250", ctx="{'L2_CDD_': 0.0}"
set states for children of O. state=False
handle state [('O', False)]
update switch state O False args=() kw={'refresh': False} ncanvase=2
refresh_canvas_needed fired
set states for children of R. state=True
handle state [('R', True)]
update switch state R True args=() kw={'refresh': False} ncanvase=2
refresh_canvas_needed fired
GetDeflection L2 (CDD) ===>> 0
testing L2_CDD_==3250
evaluate ot="L2(CDD).deflection==3250" t="L2_CDD_==3250", ctx="{'L2_CDD_': 0.0}"
set states for children of R. state=False
handle state [('R', False)]
update switch state R False args=() kw={'refresh': False} ncanvase=2
refresh_canvas_needed fired
05:01:14 -- collecting point 400
waiting for write to finish
measurement finished
estimated time: 419.430 actual time: :421.072
flush and close file /Users/obama/PychronDev/data/isotopes/3a/1a4d40-0124-41ca-9e1d-3e2558169be1.h5
baselines () {'settling_time': 15.0, 'detector': 'H2', 'mass': 39.862, 'ncounts': 120}
%%%%%%%%%%%%%%%%%%%%%%%%%%%%%%%% Baseline
build tables- baseline [Detector(H2), Detector(H1), Detector(AX), Detector(L1), Detector(L2(CDD))]
add group baseline table H2
add group baseline table H1
add group baseline table AX
add group baseline table L1
add group baseline table L2(CDD)
flush and close file /Users/obama/PychronDev/data/isotopes/3a/1a4d40-0124-41ca-9e1d-3e2558169be1.h5
detector Detector(H2)
POSITION 39.862 H2
Mapping mass to dac mass func: "parabolic"
H2 map mass coeffs = [ -2.56720193e-04   9.47812314e-02   3.87224975e-01]
H2 map mass to dac 39.862 >> 3.75747141492
GetHighVoltage ===>> 9900
positioning 39.862 (3.75747141492) on H2
setting magnet DAC
current  : 3.764930
requested: 3.757471
Delta Dac: 0.007459
Checking detector protection. dv=0.00746
SetMagnetDAC 3.75747141492 ===>> OK
Magnet settling time: 0.500 0.500
Magnet settling complete
set_dac. change=True
Delaying 15.0s for detectors to settle
set states for children of U. state=True
handle state [('U', True)]
update switch state U True args=() kw={'refresh': False} ncanvase=2
refresh_canvas_needed fired
Join finished
measuring baseline. ncounts=120
"baseline" increment series count="2" fit count="1" regressing="True"
starting measurement
GetDeflection L2 (CDD) ===>> 0
testing L2_CDD_==3250
evaluate ot="L2(CDD).deflection==3250" t="L2_CDD_==3250", ctx="{'L2_CDD_': 0.0}"
GetDeflection L2 (CDD) ===>> 0
testing L2_CDD_==3250
evaluate ot="L2(CDD).deflection==3250" t="L2_CDD_==3250", ctx="{'L2_CDD_': 0.0}"
05:01:56 -- collecting point 25
GetDeflection L2 (CDD) ===>> 0
testing L2_CDD_==3250
evaluate ot="L2(CDD).deflection==3250" t="L2_CDD_==3250", ctx="{'L2_CDD_': 0.0}"
GetDeflection L2 (CDD) ===>> 0
testing L2_CDD_==3250
evaluate ot="L2(CDD).deflection==3250" t="L2_CDD_==3250", ctx="{'L2_CDD_': 0.0}"
05:02:23 -- collecting point 50
GetDeflection L2 (CDD) ===>> 0
testing L2_CDD_==3250
evaluate ot="L2(CDD).deflection==3250" t="L2_CDD_==3250", ctx="{'L2_CDD_': 0.0}"
GetDeflection L2 (CDD) ===>> 0
testing L2_CDD_==3250
evaluate ot="L2(CDD).deflection==3250" t="L2_CDD_==3250", ctx="{'L2_CDD_': 0.0}"
GetDeflection L2 (CDD) ===>> 0
testing L2_CDD_==3250
evaluate ot="L2(CDD).deflection==3250" t="L2_CDD_==3250", ctx="{'L2_CDD_': 0.0}"
05:02:49 -- collecting point 75
GetDeflection L2 (CDD) ===>> 0
testing L2_CDD_==3250
evaluate ot="L2(CDD).deflection==3250" t="L2_CDD_==3250", ctx="{'L2_CDD_': 0.0}"
GetDeflection L2 (CDD) ===>> 0
testing L2_CDD_==3250
evaluate ot="L2(CDD).deflection==3250" t="L2_CDD_==3250", ctx="{'L2_CDD_': 0.0}"
05:03:15 -- collecting point 100
GetDeflection L2 (CDD) ===>> 0
testing L2_CDD_==3250
evaluate ot="L2(CDD).deflection==3250" t="L2_CDD_==3250", ctx="{'L2_CDD_': 0.0}"
GetDeflection L2 (CDD) ===>> 0
testing L2_CDD_==3250
evaluate ot="L2(CDD).deflection==3250" t="L2_CDD_==3250", ctx="{'L2_CDD_': 0.0}"
waiting for write to finish
measurement finished
estimated time: 125.829 actual time: :126.366
flush and close file /Users/obama/PychronDev/data/isotopes/3a/1a4d40-0124-41ca-9e1d-3e2558169be1.h5
activate_detectors ('H1', 'L2(CDD)') {'peak_center': True}
peak_center () {'detector': 'H2', 'integration_time': 1.048576, 'isotope': 'Ar40'}
peak center: mean=993.971422098 threshold=100.0
peak center started
setup peak center. detector=['H2', 'H1', 'L2(CDD)'], isotope=Ar40
VersionedUnpickler [<apptools.sweet_pickle.versioned_unpickler.VersionedUnpickler object at 0x157c054d0>] using Updater [<apptools.sweet_pickle.updater.Updater object at 0x1241b68f0>]
VersionedUnpickler [<apptools.sweet_pickle.versioned_unpickler.VersionedUnpickler object at 0x157c054d0>] using Updater [<apptools.sweet_pickle.updater.Updater object at 0x1241b68f0>]
VersionedUnpickler [<apptools.sweet_pickle.versioned_unpickler.VersionedUnpickler object at 0x155bf7050>] using Updater [<apptools.sweet_pickle.updater.Updater object at 0x1241b68f0>]
setting integration time = 0.524288
SetIntegrationTime 0.524288 ===>> OK
Mapping mass to dac mass func: "parabolic"
H2 map mass coeffs = [ -2.56720193e-04   9.47812314e-02   3.87224975e-01]
H2 map mass to dac 39.9624 >> 3.76493
GetHighVoltage ===>> 9900
do peak center. <pychron.spectrometer.jobs.peak_center.PeakCenter object at 0x1241b6ad0>
doing pc
starting peak center. center dac= 3.76493 step_width=0.0001
width = 0.0001
get scan parameters. half-width=0.002,window=0.002, i=0, scalar=1
Scan parameters center=3.76493 width=0.00400 (3.76293 - 3.76693)
Moving to starting dac 3.76293
setting magnet DAC
current  : 3.757471
requested: 3.762930
Delta Dac: 0.005459
Checking detector protection. dv=0.00546
SetMagnetDAC 3.76293 ===>> OK
Magnet settling time: 0.500 0.500
Magnet settling complete
set_dac. change=True
Wait until signal near baseline. tol= -0.177877942289. timeout= 10
Peak center failed to move to a baseline position
_do_sweep sm= 3.76293, em= 3.76693, stm= 0.0001
calculated step values: start=3.76293, end=3.76693, width=0.0001, nsteps=41.0
setting magnet DAC
current  : 3.762930
requested: 3.762930
Delta Dac: 0.000000
Checking detector protection. dv=0.00000
set_dac. change=False
setting magnet DAC
current  : 3.762930
requested: 3.763033
Delta Dac: 0.000103
Checking detector protection. dv=0.00010
Magnet settling time: 1.049 0.500
Magnet settling complete
set_dac. change=True
setting magnet DAC
current  : 3.763033
requested: 3.763135
Delta Dac: 0.000103
Checking detector protection. dv=0.00010
Magnet settling time: 1.049 0.500
Magnet settling complete
set_dac. change=True
setting magnet DAC
current  : 3.763135
requested: 3.763238
Delta Dac: 0.000103
Checking detector protection. dv=0.00010
Magnet settling time: 1.049 0.500
Magnet settling complete
set_dac. change=True
setting magnet DAC
current  : 3.763238
requested: 3.763340
Delta Dac: 0.000103
Checking detector protection. dv=0.00010
Magnet settling time: 1.049 0.500
Magnet settling complete
set_dac. change=True
setting magnet DAC
current  : 3.763340
requested: 3.763443
Delta Dac: 0.000103
Checking detector protection. dv=0.00010
Magnet settling time: 1.049 0.500
Magnet settling complete
set_dac. change=True
setting magnet DAC
current  : 3.763443
requested: 3.763545
Delta Dac: 0.000103
Checking detector protection. dv=0.00010
Magnet settling time: 1.049 0.500
Magnet settling complete
set_dac. change=True
setting magnet DAC
current  : 3.763545
requested: 3.763648
Delta Dac: 0.000103
Checking detector protection. dv=0.00010
Magnet settling time: 1.049 0.500
Magnet settling complete
set_dac. change=True
setting magnet DAC
current  : 3.763648
requested: 3.763751
Delta Dac: 0.000103
Checking detector protection. dv=0.00010
Magnet settling time: 1.049 0.500
Magnet settling complete
set_dac. change=True
setting magnet DAC
current  : 3.763751
requested: 3.763853
Delta Dac: 0.000103
Checking detector protection. dv=0.00010
Magnet settling time: 1.049 0.500
Magnet settling complete
set_dac. change=True
setting magnet DAC
current  : 3.763853
requested: 3.763956
Delta Dac: 0.000103
Checking detector protection. dv=0.00010
Magnet settling time: 1.049 0.500
Magnet settling complete
set_dac. change=True
setting magnet DAC
current  : 3.763956
requested: 3.764058
Delta Dac: 0.000103
Checking detector protection. dv=0.00010
Magnet settling time: 1.049 0.500
Magnet settling complete
set_dac. change=True
setting magnet DAC
current  : 3.764058
requested: 3.764161
Delta Dac: 0.000103
Checking detector protection. dv=0.00010
Magnet settling time: 1.049 0.500
Magnet settling complete
set_dac. change=True
setting magnet DAC
current  : 3.764161
requested: 3.764263
Delta Dac: 0.000103
Checking detector protection. dv=0.00010
Magnet settling time: 1.049 0.500
Magnet settling complete
set_dac. change=True
setting magnet DAC
current  : 3.764263
requested: 3.764366
Delta Dac: 0.000103
Checking detector protection. dv=0.00010
Magnet settling time: 1.049 0.500
Magnet settling complete
set_dac. change=True
setting magnet DAC
current  : 3.764366
requested: 3.764468
Delta Dac: 0.000103
Checking detector protection. dv=0.00010
Magnet settling time: 1.049 0.500
Magnet settling complete
set_dac. change=True
setting magnet DAC
current  : 3.764468
requested: 3.764571
Delta Dac: 0.000103
Checking detector protection. dv=0.00010
Magnet settling time: 1.049 0.500
Magnet settling complete
set_dac. change=True
setting magnet DAC
current  : 3.764571
requested: 3.764674
Delta Dac: 0.000103
Checking detector protection. dv=0.00010
Magnet settling time: 1.049 0.500
Magnet settling complete
set_dac. change=True
setting magnet DAC
current  : 3.764674
requested: 3.764776
Delta Dac: 0.000103
Checking detector protection. dv=0.00010
Magnet settling time: 1.049 0.500
Magnet settling complete
set_dac. change=True
setting magnet DAC
current  : 3.764776
requested: 3.764879
Delta Dac: 0.000103
Checking detector protection. dv=0.00010
Magnet settling time: 1.049 0.500
Magnet settling complete
set_dac. change=True
setting magnet DAC
current  : 3.764879
requested: 3.764981
Delta Dac: 0.000103
Checking detector protection. dv=0.00010
Magnet settling time: 1.049 0.500
Magnet settling complete
set_dac. change=True
setting magnet DAC
current  : 3.764981
requested: 3.765084
Delta Dac: 0.000103
Checking detector protection. dv=0.00010
Magnet settling time: 1.049 0.500
Magnet settling complete
set_dac. change=True
setting magnet DAC
current  : 3.765084
requested: 3.765186
Delta Dac: 0.000103
Checking detector protection. dv=0.00010
Magnet settling time: 1.049 0.500
Magnet settling complete
set_dac. change=True
setting magnet DAC
current  : 3.765186
requested: 3.765289
Delta Dac: 0.000103
Checking detector protection. dv=0.00010
Magnet settling time: 1.049 0.500
Magnet settling complete
set_dac. change=True
setting magnet DAC
current  : 3.765289
requested: 3.765392
Delta Dac: 0.000103
Checking detector protection. dv=0.00010
Magnet settling time: 1.049 0.500
Magnet settling complete
set_dac. change=True
setting magnet DAC
current  : 3.765392
requested: 3.765494
Delta Dac: 0.000103
Checking detector protection. dv=0.00010
Magnet settling time: 1.049 0.500
Magnet settling complete
set_dac. change=True
setting magnet DAC
current  : 3.765494
requested: 3.765597
Delta Dac: 0.000103
Checking detector protection. dv=0.00010
Magnet settling time: 1.049 0.500
Magnet settling complete
set_dac. change=True
setting magnet DAC
current  : 3.765597
requested: 3.765699
Delta Dac: 0.000103
Checking detector protection. dv=0.00010
Magnet settling time: 1.049 0.500
Magnet settling complete
set_dac. change=True
setting magnet DAC
current  : 3.765699
requested: 3.765802
Delta Dac: 0.000103
Checking detector protection. dv=0.00010
Magnet settling time: 1.049 0.500
Magnet settling complete
set_dac. change=True
setting magnet DAC
current  : 3.765802
requested: 3.765904
Delta Dac: 0.000103
Checking detector protection. dv=0.00010
Magnet settling time: 1.049 0.500
Magnet settling complete
set_dac. change=True
setting magnet DAC
current  : 3.765904
requested: 3.766007
Delta Dac: 0.000103
Checking detector protection. dv=0.00010
Magnet settling time: 1.049 0.500
Magnet settling complete
set_dac. change=True
setting magnet DAC
current  : 3.766007
requested: 3.766109
Delta Dac: 0.000103
Checking detector protection. dv=0.00010
Magnet settling time: 1.049 0.500
Magnet settling complete
set_dac. change=True
setting magnet DAC
current  : 3.766109
requested: 3.766212
Delta Dac: 0.000103
Checking detector protection. dv=0.00010
Magnet settling time: 1.049 0.500
Magnet settling complete
set_dac. change=True
setting magnet DAC
current  : 3.766212
requested: 3.766315
Delta Dac: 0.000103
Checking detector protection. dv=0.00010
Magnet settling time: 1.049 0.500
Magnet settling complete
set_dac. change=True
setting magnet DAC
current  : 3.766315
requested: 3.766417
Delta Dac: 0.000103
Checking detector protection. dv=0.00010
Magnet settling time: 1.049 0.500
Magnet settling complete
set_dac. change=True
setting magnet DAC
current  : 3.766417
requested: 3.766520
Delta Dac: 0.000103
Checking detector protection. dv=0.00010
Magnet settling time: 1.049 0.500
Magnet settling complete
set_dac. change=True
setting magnet DAC
current  : 3.766520
requested: 3.766622
Delta Dac: 0.000103
Checking detector protection. dv=0.00010
Magnet settling time: 1.049 0.500
Magnet settling complete
set_dac. change=True
setting magnet DAC
current  : 3.766622
requested: 3.766725
Delta Dac: 0.000103
Checking detector protection. dv=0.00010
Magnet settling time: 1.049 0.500
Magnet settling complete
set_dac. change=True
setting magnet DAC
current  : 3.766725
requested: 3.766827
Delta Dac: 0.000103
Checking detector protection. dv=0.00010
Magnet settling time: 1.049 0.500
Magnet settling complete
set_dac. change=True
setting magnet DAC
current  : 3.766827
requested: 3.766930
Delta Dac: 0.000103
Checking detector protection. dv=0.00010
Magnet settling time: 1.049 0.500
Magnet settling complete
set_dac. change=True
result of _do_sweep=True
result of _calculate_peak_center=([3.763711563126253, 3.7649540480961927, 3.7661965330661324], [717.83948123780692, 972.66942743485754, 713.64475002361883], 3.7645492384769539, 972.66942743485754)
Failed to find a valid peak. No peak greater than 1.0. max = 0.00113645272222
new center pos Detector(H2) (Ar40) @ 3.7649540481
GetHighVoltage ===>> 9900
dac uncorrected for HV and deflection 3.7649540481
update mftable H2 Ar40 3.7649540481 message=automated run peakcenter
get initial guess parabolic
get initial guess parabolic
get initial guess parabolic
get initial guess parabolic
get initial guess parabolic
get initial guess parabolic
dump mftable to /Users/obama/PychronDev/setupfiles/spectrometer/mftables/argon.csv
add to repo msg=modified - automated run peakcenter
sweep finished
locally archiving mftable
setting magnet DAC
current  : 3.766930
requested: 3.764954
Delta Dac: 0.001976
Checking detector protection. dv=0.00198
SetMagnetDAC 3.7649540481 ===>> OK
Magnet settling time: 0.500 0.500
Magnet settling complete
set_dac. change=True
setting integration time = 1.048576
SetIntegrationTime 1.048576 ===>> OK
Failed to find a valid peak. No peak greater than 1.0. max = 0.00113645272222
flush and close file /Users/obama/PychronDev/data/isotopes/3a/1a4d40-0124-41ca-9e1d-3e2558169be1.h5
finished measure script
executed snippet estimated_duration=650.242112, duration=651.572687149
felix_analysis400_120.py completed successfully
Measurement Finished
05:04:34 -- ******* Measurement Finished *******
Post Measurement Started felix_pump_ms.py
05:04:34 -- ******* Post Measurement Started felix_pump_ms.py *******
testing...
no interpolation path defined
executed snippet estimated_duration=0, duration=3.00407409668e-05
Pumping spectrometer
open () {'name': 'V'}
open name=V desc=---
checking ownership. requestor=129.138.12.137
check software interlocks V
interlocks []
actuate state mode=None-script, software_lock=False
doing actuation None-script open_channel True
Open V ===>> OK
GetIndicatorState V ===>> OK
change switch state (True, True)
update switch state V True args=() kw={} ncanvase=2
05:04:34 -- OPEN   VALVE-V (Felix Ion Pump)
-------------------------- open V () result=[(True, True)]
action=open, ok=True, locked=[False]
executed snippet estimated_duration=0, duration=0.368200063705
felix_pump_ms.py completed successfully
setting _ms_pumptime
Post Measurement Finished
05:04:34 -- ******* Post Measurement Finished *******
$$$$$$$$$$$$$$$$$$$$ state at run end measurement
state changed from measurement to success
post measurement save measured=True aborted=False
Set filtering
setting fod for Ar40= {'filter_outliers': True, 'std_devs': 2, 'iterations': 2}
setting fod for H2= {'filter_outliers': True, 'std_devs': 2, 'iterations': 1}
setting fod for Ar36= {'filter_outliers': True, 'std_devs': 2, 'iterations': 2}
setting fod for L2(CDD)= {'filter_outliers': True, 'std_devs': 2, 'iterations': 1}
setting fod for Ar37= {'filter_outliers': True, 'std_devs': 2, 'iterations': 2}
setting fod for L1= {'filter_outliers': True, 'std_devs': 2, 'iterations': 1}
setting fod for Ar38= {'filter_outliers': True, 'std_devs': 2, 'iterations': 2}
setting fod for AX= {'filter_outliers': True, 'std_devs': 2, 'iterations': 1}
setting fod for Ar39= {'filter_outliers': True, 'std_devs': 2, 'iterations': 2}
setting fod for H1= {'filter_outliers': True, 'std_devs': 2, 'iterations': 1}
persistence save...
persistence save - db
post measurement save
5508881872 connecting to database sqlite:////Users/obama/PychronDev/.appdata/local_lab.db
connected to db sqlite:////Users/obama/PychronDev/.appdata/local_lab.db
create new session 5508881872
close session 5508881872
No database instance. Not saving post measurement to isotopedb database
$$$$$$$$$$$$$$$ auto_save_detector_ic=False
massspec enabled True
create new session 4747989072
MassSpec Database Version: 16.0
close session 4747989072
saving post measurement to secondary database
saving to massspec database 129.138.12.160/massspecdata
setting labnumber to 65600
setting aliquot to 1
setting step to I
setting uuid to 3a1a4d40-0124-41ca-9e1d-3e2558169be1
setting irradpos to 65600
setting extract_device to Fusions Diode
setting tray to 
setting position to 27
setting power_requested to 7.0
setting extract_value to 7.0
setting duration to 40.0
setting duration_at_request to 40.0
setting first_stage_delay to 40.0
setting cleanup to 120.0
setting comment to A:5 matrixHF 11.10 mg
setting irradiation to NM-290
setting level to A
setting irradiation_level to A
setting sample to DixieTbHF
setting material to 
setting project to 
setting mass_spectrometer to felix
no attribute chron_dosages
no attribute production_ratios
no attribute interference_corrections
no attribute production_name
no attribute j
Reference Isotope=Ar40
Reference Detector=H2
%%%%%%%%%%%%%%%%%%%% Comment: A:5 matrixHF 11.10 mg %%%%%%%%%%%%%%%%%%%
adding isotope Ar40 H2
add baseline dbdet= Ar40. original det= H2
get baseline data Ar40 H2
Get data baseline <pychron.processing.isotope.Baseline object at 0x133d19190> len t=120
baseline Ar40. v=-0.00576813573819, e=0.00932462463339
get signal data Ar40 H2
Get data signal Ar40 1044.25+/-0.07 len t=400
adding isotope Ar39 H1
add baseline dbdet= Ar39. original det= H1
get baseline data Ar39 H1
Get data baseline <pychron.processing.isotope.Baseline object at 0x1458f69d0> len t=120
baseline Ar39. v=-0.0236030890378, e=0.0112469153148
get signal data Ar39 H1
Get data signal Ar39 157.937+/-0.031 len t=400
adding isotope Ar38 AX
add baseline dbdet= Ar38. original det= AX
get baseline data Ar38 AX
Get data baseline <pychron.processing.isotope.Baseline object at 0x1458f6890> len t=120
baseline Ar38. v=-0.0418412982492, e=0.0122452719984
get signal data Ar38 AX
Get data signal Ar38 3.118+/-0.012 len t=400
adding isotope Ar37 L1
add baseline dbdet= Ar37. original det= L1
get baseline data Ar37 L1
Get data baseline <pychron.processing.isotope.Baseline object at 0x1458f6550> len t=120
baseline Ar37. v=-0.274062253861, e=0.0081557738543
get signal data Ar37 L1
Get data signal Ar37 44.831+/-0.014 len t=400
adding isotope Ar36 L2(CDD)
add baseline dbdet= Ar36. original det= L2(CDD)
get baseline data Ar36 L2(CDD)
Get data baseline <pychron.processing.isotope.Baseline object at 0x12b3f4bd0> len t=120
baseline Ar36. v=0.0, e=0.0
get signal data Ar36 L2(CDD)
Get data signal Ar36 0.00057+/-0.00005 len t=400
65600-01I added analysis time 0.535576105118s
analysis added to mass spec database
mass spec save time= 0.547
persistence save - dvc
================= post measurement started
create new session 4710438960
close session 4710438960
---------------- Experiment Queue saving disabled
DVC saving peakcenter
Failed to find a valid peak. No peak greater than 1.0. max = 0.00113645272222
Smart pull ahead: 0 behind: 0
Up-to-date with origin
add to repo msg=modified - 44c6f8761147de90179e8a3952e48831c78a9a46.json
add to repo msg=modified - 00-01I.json
add to repo msg=modified - 00-01I.dat.json
add to repo msg=modified - 00-01I.blan.json
add to repo msg=modified - 00-01I.inte.json
add to repo msg=modified - 00-01I.icfa.json
add to repo msg=modified - 00-01I.base.json
not at valid file /Users/obama/PychronDev/data/.dvc/repositories/C-Henry/656/tags/00-01I.tags.json
add to repo msg=modified - 00-01I.peak.json
add to repo msg=modified - 00-01I.extr.json
not at valid file /Users/obama/PychronDev/data/.dvc/repositories/C-Henry/656/monitor/00-01I.moni.json
commit message=<COLLECTION>
add to repo msg=modified - 00-01I.inte.json
add to repo msg=modified - 00-01I.base.json
commit message=<ISOEVO> default collection fits
add to repo msg=modified - 00-01I.blan.json
commit message=<BLANKS> preceding bc-02-F-470
add to repo msg=modified - 00-01I.icfa.json
commit message=<ICFactor> default
push repository <pychron.git_archive.repo_manager.GitRepoManager object at 0x12d431b90>
pushing to remote=origin, url=https://github.com
no changes to meta repo
create new session 4710438960
add association C-Henry
get identifier "65600"
setting analysis irradiation position=<pychron.dvc.dvc_orm.IrradiationPositionTbl object at 0x146c49b50>
close session 4710438960
================= post measurement finished
05:04:45 -- ******* Post Run Check *******
loading queue conditionals post_run_actions
loading system conditionals post_run_actions
loading conditionals from /Users/obama/PychronDev/setupfiles/spectrometer/default_conditionals.yaml
loading queue conditionals post_run_terminations
loading system conditionals post_run_terminations
loading conditionals from /Users/obama/PychronDev/setupfiles/spectrometer/default_conditionals.yaml
Checking default post run terminations n=1
GetDeflection L2 (CDD) ===>> 0
testing L2_CDD_==3250
evaluate ot="L2(CDD).deflection==3250" t="L2_CDD_==3250", ctx="{'L2_CDD_': 0.0}"
05:04:45 -- ******* Post Run Check Passed *******
05:04:45 -- Automated run 65600-01I success duration: 864.283 s
----------------- finish -----------------
----------------- stop -----------------
retroactive repository identifiers disabled
finish run. runs completed=48
update duration runid=65600-01I, duration=864.283072948, md5=6b1c5e14
write rem/ex queues
/Users/obama/PychronDev/experiments/rem/Load1802hbl.rem.txt
/Users/obama/PychronDev/experiments/rem/Load1802hbl.ex.txt
doing event level: 3
