do run
loading script "jan_unknown400_120.py"
loading script "jan_pump_ms.py"
loading script "jan_co2.py"
loading script "jan_pump_extraction_line.py"
testing...
no interpolation path defined
executed snippet estimated_duration=556.052928, duration=0.000316143035889
script duration name:unknown400_120 seconds:556.0
loading script "jan_unknown400_120.py"
loading script "jan_pump_ms.py"
loading script "jan_co2.py"
loading script "jan_pump_extraction_line.py"
testing...
no interpolation path defined
executed snippet estimated_duration=0, duration=3.79085540771e-05
loading script "jan_unknown400_120.py"
loading script "jan_pump_ms.py"
loading script "jan_co2.py"
loading script "jan_pump_extraction_line.py"
testing...
no interpolation path defined
calculate duration
testing...
no interpolation path defined
executed snippet estimated_duration=0, duration=5.79357147217e-05
calculate duration
testing...
no interpolation path defined
executed snippet estimated_duration=0, duration=0.000101089477539
executed snippet estimated_duration=0.0, duration=0.00230002403259
script duration name:co2 seconds:0.0
loading script "jan_unknown400_120.py"
loading script "jan_pump_ms.py"
loading script "jan_co2.py"
loading script "jan_pump_extraction_line.py"
testing...
no interpolation path defined
calculate duration
testing...
no interpolation path defined
executed snippet estimated_duration=4.0, duration=0.000144004821777
executed snippet estimated_duration=4.0, duration=0.00116610527039
Script duration 556.0
Run total estimated duration= 557.000
run duration: 0:09:17
doing event level: 2
14:27:45 -- Setting default integration. t=1.048576
setting integration time = 1.048576
SetIntegrationTime 1.048576 ===>> OK
----------------- start -----------------
**************** Experiment Type: Ar/Ar, Ar/Ar
create new session 4971867120
close session 4971867120
$$$$$ Clearing conditionals
adding conditionals 
Add queue conditionals
add default conditionals
adding default conditionals from /Users/jan/PychronDev/setupfiles/spectrometer/default_conditionals.yaml
Start automated run bu-FC-J-8082
loading script "jan_unknown400_120.py"
loading script "jan_pump_ms.py"
loading script "jan_co2.py"
loading script "jan_pump_extraction_line.py"
%%%%%%%%%%%%%%%%%% setting automated run bu-FC-J-8082
No value "sensitivity_multiplier" in metadata
$$$$$$$$$$$$$$$ auto_save_detector_ic=False
============================= Pre Extraction Check =============================
loading queue conditionals pre_run_terminations
loading system conditionals pre_run_terminations
loading conditionals from /Users/jan/PychronDev/setupfiles/spectrometer/default_conditionals.yaml
14:27:45 -- ******* Pre Extraction Check *******
Get a measurement from the spectrometer
Pre Extraction Termination data. keys=H2,H1,AX,L1,L2,CDD, signals=-0.05363,0.16822,-0.01276,0.00188,0.12958,0.00283
14:27:45 -- testing system defined conditionals
Checking default pre extraction terminations n=2
testing CDD
evaluate ot="CDD.inactive" t="CDD", ctx="{'CDD': False}"
GetDeflection CDD ===>> 50
testing CDD==2000
evaluate ot="CDD.deflection==2000" t="CDD==2000", ctx="{'CDD': 50.0}"
14:27:45 -- ******* Pre Extraction Check Passed *******
=================================================================================
14:27:45 -- stopping status monitor
stop 4948776912
Status monitor stopped
Status monitor finished
14:27:47 -- starting status monitor
start 4948776912
StatusMonitor period=1. Frequencies(state=2, checksum=3, lock=5, owner=5)
start extraction
do extraction
Analysis started at 14:27:48.574175
Extraction Started jan_co2.py
14:27:48 -- ******* Extraction Started jan_co2.py *******
state changed from not run to extraction
DO EXTRACTION <pychron.extraction_line.pyscript_runner.RemotePyScriptRunner object at 0x129b8ad70>
testing...
no interpolation path defined
calculate duration
testing...
no interpolation path defined
executed snippet estimated_duration=0, duration=7.5101852417e-05
calculate duration
testing...
no interpolation path defined
executed snippet estimated_duration=0, duration=9.41753387451e-05
executed snippet estimated_duration=120.0, duration=0.00244903564453
Jan CO2 laser analysis
doing GOSUB
testing...
no interpolation path defined
executed snippet estimated_duration=0, duration=4.60147857666e-05
Waiting for CO2 access
wait ('FelixCO2Flag', 0) {}
waiting for FelixCO2Flag = 0
Read FelixCO2Flag ===>> 0
finished waiting
CO2 free
wait ('CO2PumpTimeFlag', 0) {}
waiting for CO2PumpTimeFlag = 0
Read CO2PumpTimeFlag ===>> 0
finished waiting
acquire ('JanCO2Flag',) {'clear': True}
acquire JanCO2Flag
Set JanCO2Flag 1 ===>> OK
JanCO2Flag acquired
set extraction state False (0.75, 'red', 1.5)
CO2 acquired
executed snippet estimated_duration=0, duration=0.0658600330353
WaitForCO2Access.py completed successfully
gosub finished
doing GOSUB
testing...
no interpolation path defined
executed snippet estimated_duration=0, duration=0.00019907951355
Prepare for CO2 analysis
close () {'description': 'Jan Inlet'}
close name=--- desc=Jan Inlet
checking ownership. requestor=129.138.12.150
check software interlocks R
interlocks []
actuate state mode=None-script, software_lock=False
doing actuation None-script close_channel False
Close R ===>> OK
GetIndicatorState R ===>> False
change switch state (True, True)
update switch state R False args=() kw={} ncanvase=3
14:27:49 -- CLOSE  VALVE-R (Jan Inlet)
-------------------------- close None (Jan Inlet) result=[(True, True)]
action=close, ok=True, locked=[False]
open () {'description': 'Jan Ion Pump'}
open name=--- desc=Jan Ion Pump
checking ownership. requestor=129.138.12.150
check software interlocks O
interlocks []
actuate state mode=None-script, software_lock=False
doing actuation None-script open_channel False
Open O ===>> OK
GetIndicatorState O ===>> OK
change switch state (True, True)
update switch state O True args=() kw={} ncanvase=3
14:27:49 -- OPEN   VALVE-O (Jan Ion Pump)
-------------------------- open None (Jan Ion Pump) result=[(True, True)]
action=open, ok=True, locked=[False]
close () {'description': 'Microbone to Minibone'}
close name=--- desc=Microbone to Minibone
checking ownership. requestor=129.138.12.150
check software interlocks L
interlocks []
actuate state mode=None-script, software_lock=False
doing actuation None-script close_channel False
Close L ===>> OK
GetIndicatorState L ===>> False
change switch state (True, True)
update switch state L False args=() kw={} ncanvase=3
14:27:50 -- CLOSE  VALVE-L (Microbone to Minibone)
-------------------------- close None (Microbone to Minibone) result=[(True, True)]
action=close, ok=True, locked=[False]
open () {'description': 'Microbone to Turbo'}
open name=--- desc=Microbone to Turbo
checking ownership. requestor=129.138.12.150
check software interlocks U
interlocks []
actuate state mode=None-script, software_lock=False
doing actuation None-script open_channel False
Open U ===>> OK
GetIndicatorState U ===>> OK
change switch state (True, True)
update switch state U True args=() kw={} ncanvase=3
14:27:50 -- OPEN   VALVE-U (Microbone to Turbo)
-------------------------- open None (Microbone to Turbo) result=[(True, True)]
action=open, ok=True, locked=[False]
open () {'description': 'Microbone to Inlet Pipette'}
open name=--- desc=Microbone to Inlet Pipette
checking ownership. requestor=129.138.12.150
check software interlocks S
interlocks []
actuate state mode=None-script, software_lock=False
doing actuation None-script open_channel False
Open S ===>> OK
GetIndicatorState S ===>> OK
change switch state (True, True)
update switch state S True args=() kw={} ncanvase=3
14:27:51 -- OPEN   VALVE-S (Microbone to Inlet Pipette)
-------------------------- open None (Microbone to Inlet Pipette) result=[(True, True)]
action=open, ok=True, locked=[False]
open () {'description': 'Microbone to Getter D-50'}
open name=--- desc=Microbone to Getter D-50
checking ownership. requestor=129.138.12.150
check software interlocks K
interlocks []
actuate state mode=None-script, software_lock=False
doing actuation None-script open_channel False
Open K ===>> OK
GetIndicatorState K ===>> OK
change switch state (True, True)
update switch state K True args=() kw={} ncanvase=3
14:27:52 -- OPEN   VALVE-K (Microbone to Getter D-50)
-------------------------- open None (Microbone to Getter D-50) result=[(True, True)]
action=open, ok=True, locked=[False]
open () {'description': 'Microbone to Getter NP-10'}
open name=--- desc=Microbone to Getter NP-10
checking ownership. requestor=129.138.12.150
check software interlocks M
interlocks []
actuate state mode=None-script, software_lock=False
doing actuation None-script open_channel False
Open M ===>> OK
GetIndicatorState M ===>> OK
change switch state (True, True)
update switch state M True args=() kw={} ncanvase=3
14:27:52 -- OPEN   VALVE-M (Microbone to Getter NP-10)
-------------------------- open None (Microbone to Getter NP-10) result=[(True, True)]
action=open, ok=True, locked=[False]
close () {'description': 'CO2 Laser to Felix'}
close name=--- desc=CO2 Laser to Felix
checking ownership. requestor=129.138.12.150
check software interlocks F
interlocks []
actuate state mode=None-script, software_lock=True
VALVE-F(CO2 Laser to Felix) software locked
change switch state (True, False)
-------------------------- close None (CO2 Laser to Felix) result=[(True, False)]
action=close, ok=True, locked=[True]
open () {'description': 'CO2 Laser to Jan'}
open name=--- desc=CO2 Laser to Jan
checking ownership. requestor=129.138.12.150
check software interlocks A
interlocks []
actuate state mode=None-script, software_lock=False
doing actuation None-script open_channel False
Open A ===>> OK
GetIndicatorState A ===>> OK
change switch state (True, True)
update switch state A True args=() kw={} ncanvase=3
14:27:53 -- OPEN   VALVE-A (CO2 Laser to Jan)
-------------------------- open None (CO2 Laser to Jan) result=[(True, True)]
action=open, ok=True, locked=[False]
open () {'description': 'Microbone to CO2 Laser'}
open name=--- desc=Microbone to CO2 Laser
checking ownership. requestor=129.138.12.150
check software interlocks T
interlocks []
actuate state mode=None-script, software_lock=False
doing actuation None-script open_channel False
Open T ===>> OK
GetIndicatorState T ===>> OK
change switch state (True, True)
update switch state T True args=() kw={} ncanvase=3
14:27:53 -- OPEN   VALVE-T (Microbone to CO2 Laser)
-------------------------- open None (Microbone to CO2 Laser) result=[(True, True)]
action=open, ok=True, locked=[False]
executed snippet estimated_duration=0, duration=5.43474698067
PrepareForCO2Analysis.py completed successfully
gosub finished
set_motor ('beam', '') {}
setting motor "beam" to 
is blank. not heating
close () {'description': 'Microbone to Turbo'}
close name=--- desc=Microbone to Turbo
checking ownership. requestor=129.138.12.150
check software interlocks U
interlocks []
actuate state mode=None-script, software_lock=False
doing actuation None-script close_channel True
Close U ===>> OK
GetIndicatorState U ===>> False
change switch state (True, True)
update switch state U False args=() kw={} ncanvase=3
14:27:54 -- CLOSE  VALVE-U (Microbone to Turbo)
-------------------------- close None (Microbone to Turbo) result=[(True, True)]
action=close, ok=True, locked=[False]
sleep (30.0,) {}
SLEEP 30.0
block started
WaitControl setup for 30.0  
Join finished
block finished. duration 30.180065155
sleep (30.0,) {}
SLEEP 30.0
block started
WaitControl setup for 30.0  
Join finished
block finished. duration 30.2156112194
executed snippet estimated_duration=180.0, duration=66.4122679234
jan_co2.py completed successfully
GetAchievedOutput ===>> No Response
Requested Output= 0.000
Achieved Output=  0.000
GetResponseBlob ===>> No Response
GetOutputBlob ===>> No Response
persistence save...
persistence save - db
AutomatedRunPersister post_extraction_save deprecated
persistence save - dvc
no extraction position for 
Extraction Finished
14:28:55 -- ******* Extraction Finished *******
no overlap. not waiting for min ms pumptime
14:28:55 -- Sending spectrometer configuration
======== Sending configuration ========
SetDeflection CDD,50.0 ===>> OK
SetDeflection H2,0.0 ===>> OK
SetDeflection H1,0.0 ===>> OK
SetDeflection L2,825.0 ===>> OK
SetDeflection L1,400.0 ===>> OK
SetDeflection AX,190.0 ===>> OK
SetZFocus 74.64 ===>> OK
SetZSymmetry -50.72 ===>> OK
SetExtractionLens 26.13 ===>> OK
SetIonRepeller -3.81 ===>> OK
SetElectronEnergy 75.08 ===>> OK
SetYSymmetry -2.81 ===>> OK
SetIonCounterVoltage 1590.0 ===>> OK
send trap current 200.0
GetParameter Trap Current Readback ===>> 197.923274125618
SetParameter Trap Current Set,200.0 ===>> OK
updating mftable name mftable
Using mftable located at /Users/jan/PychronDev/setupfiles/spectrometer/mftables/mftable.csv
============ MFtable ===========
Isotope  H2     H1     AX     L1     L2     CDD    
Ar40     5.7709 5.8792 5.9930 6.1094 6.2319 6.3947
Ar39     5.7258 5.7702 5.8835 6.0525 6.1146 6.2812
Ar36     5.4033 5.4392 5.5469 5.7114 5.7696 5.9323
================================
get initial guess parabolic
get initial guess parabolic
get initial guess parabolic
get initial guess parabolic
get initial guess parabolic
get initial guess parabolic
======== Configuration Finished ========
GetYSymmetry ===>> -2.81
GetZSymmetry ===>> -50.72
GetParameter Trap Current Readback ===>> 197.923274125618
GetHighVoltage ===>> 4500
start measurement
do measurement
L#=bu-FC-J analysis type=blank_unknown
Measurement Started jan_unknown400_120.py
14:28:55 -- ******* Measurement Started jan_unknown400_120.py *******
state changed from extraction to measurement
setting trap, emission, spec, defl, and gains
GetExtractionLens ===>> 26.13
GetYSymmetry ===>> -2.81
GetZSymmetry ===>> -50.72
GetZFocus ===>> 74.64
GetDeflection H2 ===>> 0
GetDeflection H1 ===>> 0
GetDeflection AX ===>> 190
GetDeflection L1 ===>> 400
GetDeflection L2 ===>> 825
GetDeflection CDD ===>> 50
GetGain H2 ===>> 0.0113
GetGain H1 ===>> 0.1
GetGain AX ===>> 0.0963
GetGain L1 ===>> 0.010355
GetGain L2 ===>> 0.095649
GetGain CDD ===>> 0
GetParameter Trap Current Readback ===>> 197.811389855338
GetParameter Source Current Readback ===>> 551.928279313923
pre measurement save
New frame /Users/jan/PychronDev/data/isotopes/ad/bdca06-0b9e-4217-b0e2-a2681a49bd5f.h5
flush and close file /Users/jan/PychronDev/data/isotopes/ad/bdca06-0b9e-4217-b0e2-a2681a49bd5f.h5
testing...
no interpolation path defined
executed snippet estimated_duration=568.532928, duration=0.000185966491699
unknown measurement script
activate_detectors ('H2', 'H1', 'AX', 'L1', 'L2', 'CDD') {}
activate detectors
*************** Set Analysis View Ar/Ar
create graphs
clearing graphs
clear isotope group
setting isotope det=H2, iso=Ar41
setting isotope det=H1, iso=Ar40
setting isotope det=AX, iso=Ar39
setting isotope det=L1, iso=Ar38
setting isotope det=L2, iso=Ar37
setting isotope det=CDD, iso=Ar36
load analysis view
position_magnet ('Ar40',) {'detector': 'H1'}
detector Detector(H1)
POSITION Ar40 H1
setting detector H2 to Ar41 (40.9624)
setting detector H1 to Ar40 (39.9624)
setting detector AX to Ar39 (38.9624)
setting detector L1 to Ar38 (37.9624)
setting detector L2 to Ar37 (36.9624)
setting detector CDD to Ar36 (35.9624)
Mapping mass to dac mass func: "parabolic"
H1 map mass coeffs = [ -3.11428344e-04   1.33794662e-01   1.02980323e+00]
H1 map mass to dac 39.9624 >> 5.87921
GetDeflection H1 ===>> 0
GetHighVoltage ===>> 4500
positioning Ar40 (5.87921) on H1
setting magnet DAC
current  : 5.879210
requested: 5.879210
Delta Dac: 0.000000
Checking detector protection. dv=0.00000
Checking detector "CDD". Protection Threshold: 0.5 (V)
SetMagnetDAC 5.87921 ===>> OK
Magnet settling time: 0.500 0.500
Magnet settling complete
set_dac. change=True
equilibrate () {'delay': 3, 'inlet': 'R', 'outlet': 'O', 'eqtime': 12.0}
Equilibration Started
14:28:56 -- ******* Equilibration Started *******
checking ownership. requestor=129.138.12.150
check software interlocks O
interlocks []
actuate state mode=None-script, software_lock=False
doing actuation None-script close_channel True
Close O ===>> OK
GetIndicatorState O ===>> False
change switch state (True, True)
update switch state O False args=() kw={} ncanvase=3
14:28:56 -- CLOSE  VALVE-O (Jan Ion Pump)
waiting 3s before opening inlet value ('R',)
update labels <pychron.experiment.plot_panel.PlotPanel object at 0x16aa65d70>
update labels "<pychron.graph.stacked_regression_graph.StackedRegressionGraph object at 0x138e7e4d0>"
setting label 0 H2 Ar41
setting label 1 H1 Ar40
setting label 2 AX Ar39
setting label 3 L1 Ar38
setting label 4 L2 Ar37
setting label 5 CDD Ar36
update labels "<pychron.graph.stacked_graph.StackedGraph object at 0x16a01de30>"
setting label 0 H2 Ar41
setting label 1 H1 Ar40
setting label 2 AX Ar39
setting label 3 L1 Ar38
setting label 4 L2 Ar37
setting label 5 CDD Ar36
checking ownership. requestor=129.138.12.150
check software interlocks R
interlocks []
actuate state mode=None-script, software_lock=False
doing actuation None-script open_channel True
Open R ===>> OK
State checksums do not match. Local:-598318598 Remote:-1449001502
State checksum failed
GetIndicatorState R ===>> OK
change switch state (True, True)
update switch state R True args=() kw={} ncanvase=3
14:28:59 -- OPEN   VALVE-R (Jan Inlet)
equilibrating for 12.0sec
set_time_zero () {}
sniff (12.0,) {}
py_sniff
build tables- sniff [Detector(H2), Detector(H1), Detector(AX), Detector(L1), Detector(L2), Detector(CDD)]
add group /sniff/Ar41 (Group) '' table H2
add group /sniff/Ar40 (Group) '' table H1
add group /sniff/Ar39 (Group) '' table AX
add group /sniff/Ar38 (Group) '' table L1
add group /sniff/Ar37 (Group) '' table L2
add group /sniff/Ar36 (Group) '' table CDD
flush and close file /Users/jan/PychronDev/data/isotopes/ad/bdca06-0b9e-4217-b0e2-a2681a49bd5f.h5
measuring sniff. ncounts=12.0
"sniff" increment series count="1" fit count="0" regressing="False"
starting measurement
Equilibration Finished
14:29:12 -- ******* Equilibration Finished *******
checking ownership. requestor=129.138.12.150
check software interlocks R
interlocks []
actuate state mode=None-script, software_lock=False
doing actuation None-script close_channel True
Close R ===>> OK
GetIndicatorState R ===>> False
change switch state (True, True)
update switch state R False args=() kw={} ncanvase=3
14:29:12 -- CLOSE  VALVE-R (Jan Inlet)
Post Equilibration Started jan_pump_extraction_line.py
14:29:12 -- ******* Post Equilibration Started jan_pump_extraction_line.py *******
testing...
no interpolation path defined
calculate duration
testing...
no interpolation path defined
executed snippet estimated_duration=4.0, duration=0.000170946121216
executed snippet estimated_duration=4.0, duration=0.00137400627136
Pump after analysis
doing GOSUB
testing...
no interpolation path defined
executed snippet estimated_duration=4.0, duration=0.000164031982422
Pump Microbone
close () {'description': 'Jan Inlet'}
close name=--- desc=Jan Inlet
checking ownership. requestor=129.138.12.150
check software interlocks R
interlocks []
actuate state mode=None-script, software_lock=False
doing actuation None-script close_channel False
waiting for write to finish
measurement finished
estimated time: 12.583 actual time: :12.733
flush and close file /Users/jan/PychronDev/data/isotopes/ad/bdca06-0b9e-4217-b0e2-a2681a49bd5f.h5
set_fits () {}
using default fits file=/Users/jan/PychronDev/scripts/measurement/fits/nominal.yaml
set "Ar41" to "('linear', 'SEM')"
set "Ar40" to "('Parabolic', 'SEM')"
set "Ar36" to "('Parabolic', 'SEM')"
set "Ar37" to "('linear', 'SEM')"
set "Ar38" to "('linear', 'SEM')"
set "Ar39" to "('Parabolic', 'SEM')"
set_baseline_fits () {}
using default fits file=/Users/jan/PychronDev/scripts/measurement/fits/nominal.yaml
set "H2" to "('average', 'SEM')"
set "H1" to "('average', 'SEM')"
set "CDD" to "('average', 'SEM')"
set "L2" to "('average', 'SEM')"
set "L1" to "('average', 'SEM')"
set "AX" to "('average', 'SEM')"
multicollect () {'integration_time': 1, 'ncounts': 400}
build tables- signal [Detector(H2), Detector(H1), Detector(AX), Detector(L1), Detector(L2), Detector(CDD)]
add group /signal/Ar41 (Group) '' table H2
add group /signal/Ar40 (Group) '' table H1
add group /signal/Ar39 (Group) '' table AX
add group /signal/Ar38 (Group) '' table L1
add group /signal/Ar37 (Group) '' table L2
add group /signal/Ar36 (Group) '' table CDD
flush and close file /Users/jan/PychronDev/data/isotopes/ad/bdca06-0b9e-4217-b0e2-a2681a49bd5f.h5
Close R ===>> OK
measuring signal. ncounts=400
GetIndicatorState R ===>> False
change switch state (True, True)
update switch state R False args=() kw={} ncanvase=3
14:29:13 -- CLOSE  VALVE-R (Jan Inlet)
-------------------------- close None (Jan Inlet) result=[(True, True)]
"signal" increment series count="2" fit count="1" regressing="True"
action=close, ok=True, locked=[False]
is_closed ('F',) {}
is F () closed?
is closed True
open () {'description': 'CO2 Laser to Jan'}
open name=--- desc=CO2 Laser to Jan
checking ownership. requestor=129.138.12.150
check software interlocks A
interlocks []
actuate state mode=None-script, software_lock=False
doing actuation None-script open_channel False
Open A ===>> OK
GetIndicatorState A ===>> OK
change switch state (True, True)
update switch state A True args=() kw={} ncanvase=3
14:29:13 -- OPEN   VALVE-A (CO2 Laser to Jan)
-------------------------- open None (CO2 Laser to Jan) result=[(True, True)]
starting measurement
action=open, ok=True, locked=[False]
sleep (1,) {}
SLEEP 1.0
close () {'description': 'CO2 Laser to Roughing'}
close name=--- desc=CO2 Laser to Roughing
checking ownership. requestor=129.138.12.150
check software interlocks G
interlocks []
actuate state mode=None-script, software_lock=True
VALVE-G(CO2 Laser to Roughing) software locked
change switch state (True, False)
-------------------------- close None (CO2 Laser to Roughing) result=[(True, False)]
action=close, ok=True, locked=[True]
open () {'description': 'Microbone to Turbo'}
open name=--- desc=Microbone to Turbo
checking ownership. requestor=129.138.12.150
check software interlocks U
interlocks []
actuate state mode=None-script, software_lock=False
doing actuation None-script open_channel True
Open U ===>> OK
GetIndicatorState U ===>> OK
change switch state (True, True)
update switch state U True args=() kw={} ncanvase=3
14:29:15 -- OPEN   VALVE-U (Microbone to Turbo)
-------------------------- open None (Microbone to Turbo) result=[(True, True)]
action=open, ok=True, locked=[False]
open () {'description': 'Microbone to Getter NP-10'}
open name=--- desc=Microbone to Getter NP-10
checking ownership. requestor=129.138.12.150
check software interlocks M
interlocks []
actuate state mode=None-script, software_lock=False
doing actuation None-script open_channel False
Open M ===>> OK
GetIndicatorState M ===>> OK
change switch state (True, True)
update switch state M True args=() kw={} ncanvase=3
14:29:15 -- OPEN   VALVE-M (Microbone to Getter NP-10)
-------------------------- open None (Microbone to Getter NP-10) result=[(True, True)]
action=open, ok=True, locked=[False]
open () {'description': 'Microbone to Getter D-50'}
open name=--- desc=Microbone to Getter D-50
checking ownership. requestor=129.138.12.150
check software interlocks K
interlocks []
actuate state mode=None-script, software_lock=False
doing actuation None-script open_channel False
Open K ===>> OK
GetIndicatorState K ===>> OK
change switch state (True, True)
update switch state K True args=() kw={} ncanvase=3
14:29:16 -- OPEN   VALVE-K (Microbone to Getter D-50)
-------------------------- open None (Microbone to Getter D-50) result=[(True, True)]
action=open, ok=True, locked=[False]
open () {'description': 'Microbone to CO2 Laser'}
open name=--- desc=Microbone to CO2 Laser
checking ownership. requestor=129.138.12.150
check software interlocks T
interlocks []
actuate state mode=None-script, software_lock=False
doing actuation None-script open_channel False
Open T ===>> OK
GetIndicatorState T ===>> OK
change switch state (True, True)
update switch state T True args=() kw={} ncanvase=3
14:29:17 -- OPEN   VALVE-T (Microbone to CO2 Laser)
-------------------------- open None (Microbone to CO2 Laser) result=[(True, True)]
action=open, ok=True, locked=[False]
open () {'description': 'Microbone to Inlet Pipette'}
open name=--- desc=Microbone to Inlet Pipette
checking ownership. requestor=129.138.12.150
check software interlocks S
interlocks []
actuate state mode=None-script, software_lock=False
doing actuation None-script open_channel False
Open S ===>> OK
GetIndicatorState S ===>> OK
change switch state (True, True)
update switch state S True args=() kw={} ncanvase=3
14:29:17 -- OPEN   VALVE-S (Microbone to Inlet Pipette)
-------------------------- open None (Microbone to Inlet Pipette) result=[(True, True)]
testing H1<-5.0
evaluate ot="H1.bs<-5.0" t="H1<-5.0", ctx="{'H1': 0.12029285415470961}"
action=open, ok=True, locked=[False]
sleep (1,) {}
SLEEP 1.0
set_resource () {'name': 'CO2PumpTimeFlag', 'value': 30}
Set CO2PumpTimeFlag 30 ===>> OK
release ('JanCO2Flag',) {}
release JanCO2Flag
Set JanCO2Flag 0 ===>> OK
executed snippet estimated_duration=6.0, duration=6.31206798553
PumpMicrobone.py completed successfully
gosub finished
get_resource_value () {'name': 'JanMiniboneFlag'}
Read JanMiniboneFlag ===>> 0
Get Resource Value JanMiniboneFlag=0.0
get resource value 0.0
get_resource_value () {'name': 'JanMiniboneFlag'}
Read JanMiniboneFlag ===>> 0
Get Resource Value JanMiniboneFlag=0.0
executed snippet estimated_duration=4.0, duration=6.36166119576
jan_pump_extraction_line.py completed successfully
Post Equilibration Finished
14:29:19 -- ******* Post Equilibration Finished *******
testing H1<-5.0
evaluate ot="H1.bs<-5.0" t="H1<-5.0", ctx="{'H1': 0.12029285415470961}"
testing H1<-5.0
evaluate ot="H1.bs<-5.0" t="H1<-5.0", ctx="{'H1': 0.12029285415470961}"
testing H1<-5.0
evaluate ot="H1.bs<-5.0" t="H1<-5.0", ctx="{'H1': 0.12029285415470961}"
testing H1<-5.0
evaluate ot="H1.bs<-5.0" t="H1<-5.0", ctx="{'H1': 0.12029285415470961}"
14:29:39 -- collecting point 25
testing H1<-5.0
evaluate ot="H1.bs<-5.0" t="H1<-5.0", ctx="{'H1': 0.12029285415470961}"
testing H1<-5.0
evaluate ot="H1.bs<-5.0" t="H1<-5.0", ctx="{'H1': 0.12029285415470961}"
testing H1<-5.0
evaluate ot="H1.bs<-5.0" t="H1<-5.0", ctx="{'H1': 0.12029285415470961}"
testing H1<-5.0
evaluate ot="H1.bs<-5.0" t="H1<-5.0", ctx="{'H1': 0.12029285415470961}"
testing H1<-5.0
evaluate ot="H1.bs<-5.0" t="H1<-5.0", ctx="{'H1': 0.12029285415470961}"
14:30:05 -- collecting point 50
testing H1<-5.0
evaluate ot="H1.bs<-5.0" t="H1<-5.0", ctx="{'H1': 0.12029285415470961}"
testing H1<-5.0
evaluate ot="H1.bs<-5.0" t="H1<-5.0", ctx="{'H1': 0.12029285415470961}"
testing H1<-5.0
evaluate ot="H1.bs<-5.0" t="H1<-5.0", ctx="{'H1': 0.12029285415470961}"
testing H1<-5.0
evaluate ot="H1.bs<-5.0" t="H1<-5.0", ctx="{'H1': 0.12029285415470961}"
testing H1<-5.0
evaluate ot="H1.bs<-5.0" t="H1<-5.0", ctx="{'H1': 0.12029285415470961}"
14:30:31 -- collecting point 75
testing H1<-5.0
evaluate ot="H1.bs<-5.0" t="H1<-5.0", ctx="{'H1': 0.12029285415470961}"
testing H1<-5.0
evaluate ot="H1.bs<-5.0" t="H1<-5.0", ctx="{'H1': 0.12029285415470961}"
testing H1<-5.0
evaluate ot="H1.bs<-5.0" t="H1<-5.0", ctx="{'H1': 0.12029285415470961}"
testing H1<-5.0
evaluate ot="H1.bs<-5.0" t="H1<-5.0", ctx="{'H1': 0.12029285415470961}"
testing H1<-5.0
evaluate ot="H1.bs<-5.0" t="H1<-5.0", ctx="{'H1': 0.12029285415470961}"
14:30:58 -- collecting point 100
testing H1<-5.0
evaluate ot="H1.bs<-5.0" t="H1<-5.0", ctx="{'H1': 0.12029285415470961}"
testing H1<-5.0
evaluate ot="H1.bs<-5.0" t="H1<-5.0", ctx="{'H1': 0.12029285415470961}"
testing H1<-5.0
evaluate ot="H1.bs<-5.0" t="H1<-5.0", ctx="{'H1': 0.12029285415470961}"
testing H1<-5.0
evaluate ot="H1.bs<-5.0" t="H1<-5.0", ctx="{'H1': 0.12029285415470961}"
testing H1<-5.0
evaluate ot="H1.bs<-5.0" t="H1<-5.0", ctx="{'H1': 0.12029285415470961}"
14:31:24 -- collecting point 125
testing H1<-5.0
evaluate ot="H1.bs<-5.0" t="H1<-5.0", ctx="{'H1': 0.12029285415470961}"
testing H1<-5.0
evaluate ot="H1.bs<-5.0" t="H1<-5.0", ctx="{'H1': 0.12029285415470961}"
testing H1<-5.0
evaluate ot="H1.bs<-5.0" t="H1<-5.0", ctx="{'H1': 0.12029285415470961}"
testing H1<-5.0
evaluate ot="H1.bs<-5.0" t="H1<-5.0", ctx="{'H1': 0.12029285415470961}"
testing H1<-5.0
evaluate ot="H1.bs<-5.0" t="H1<-5.0", ctx="{'H1': 0.12029285415470961}"
14:31:50 -- collecting point 150
testing H1<-5.0
evaluate ot="H1.bs<-5.0" t="H1<-5.0", ctx="{'H1': 0.12029285415470961}"
testing H1<-5.0
evaluate ot="H1.bs<-5.0" t="H1<-5.0", ctx="{'H1': 0.12029285415470961}"
testing H1<-5.0
evaluate ot="H1.bs<-5.0" t="H1<-5.0", ctx="{'H1': 0.12029285415470961}"
testing H1<-5.0
evaluate ot="H1.bs<-5.0" t="H1<-5.0", ctx="{'H1': 0.12029285415470961}"
testing H1<-5.0
evaluate ot="H1.bs<-5.0" t="H1<-5.0", ctx="{'H1': 0.12029285415470961}"
14:32:16 -- collecting point 175
testing H1<-5.0
evaluate ot="H1.bs<-5.0" t="H1<-5.0", ctx="{'H1': 0.12029285415470961}"
testing H1<-5.0
evaluate ot="H1.bs<-5.0" t="H1<-5.0", ctx="{'H1': 0.12029285415470961}"
testing H1<-5.0
evaluate ot="H1.bs<-5.0" t="H1<-5.0", ctx="{'H1': 0.12029285415470961}"
testing H1<-5.0
evaluate ot="H1.bs<-5.0" t="H1<-5.0", ctx="{'H1': 0.12029285415470961}"
testing H1<-5.0
evaluate ot="H1.bs<-5.0" t="H1<-5.0", ctx="{'H1': 0.12029285415470961}"
14:32:43 -- collecting point 200
testing H1<-5.0
evaluate ot="H1.bs<-5.0" t="H1<-5.0", ctx="{'H1': 0.12029285415470961}"
testing H1<-5.0
evaluate ot="H1.bs<-5.0" t="H1<-5.0", ctx="{'H1': 0.12029285415470961}"
testing H1<-5.0
evaluate ot="H1.bs<-5.0" t="H1<-5.0", ctx="{'H1': 0.12029285415470961}"
testing H1<-5.0
evaluate ot="H1.bs<-5.0" t="H1<-5.0", ctx="{'H1': 0.12029285415470961}"
testing H1<-5.0
evaluate ot="H1.bs<-5.0" t="H1<-5.0", ctx="{'H1': 0.12029285415470961}"
14:33:09 -- collecting point 225
testing H1<-5.0
evaluate ot="H1.bs<-5.0" t="H1<-5.0", ctx="{'H1': 0.12029285415470961}"
testing H1<-5.0
evaluate ot="H1.bs<-5.0" t="H1<-5.0", ctx="{'H1': 0.12029285415470961}"
testing H1<-5.0
evaluate ot="H1.bs<-5.0" t="H1<-5.0", ctx="{'H1': 0.12029285415470961}"
testing H1<-5.0
evaluate ot="H1.bs<-5.0" t="H1<-5.0", ctx="{'H1': 0.12029285415470961}"
testing H1<-5.0
evaluate ot="H1.bs<-5.0" t="H1<-5.0", ctx="{'H1': 0.12029285415470961}"
14:33:35 -- collecting point 250
testing H1<-5.0
evaluate ot="H1.bs<-5.0" t="H1<-5.0", ctx="{'H1': 0.12029285415470961}"
testing H1<-5.0
evaluate ot="H1.bs<-5.0" t="H1<-5.0", ctx="{'H1': 0.12029285415470961}"
testing H1<-5.0
evaluate ot="H1.bs<-5.0" t="H1<-5.0", ctx="{'H1': 0.12029285415470961}"
testing H1<-5.0
evaluate ot="H1.bs<-5.0" t="H1<-5.0", ctx="{'H1': 0.12029285415470961}"
testing H1<-5.0
evaluate ot="H1.bs<-5.0" t="H1<-5.0", ctx="{'H1': 0.12029285415470961}"
14:34:02 -- collecting point 275
testing H1<-5.0
evaluate ot="H1.bs<-5.0" t="H1<-5.0", ctx="{'H1': 0.12029285415470961}"
testing H1<-5.0
evaluate ot="H1.bs<-5.0" t="H1<-5.0", ctx="{'H1': 0.12029285415470961}"
testing H1<-5.0
evaluate ot="H1.bs<-5.0" t="H1<-5.0", ctx="{'H1': 0.12029285415470961}"
testing H1<-5.0
evaluate ot="H1.bs<-5.0" t="H1<-5.0", ctx="{'H1': 0.12029285415470961}"
testing H1<-5.0
evaluate ot="H1.bs<-5.0" t="H1<-5.0", ctx="{'H1': 0.12029285415470961}"
14:34:28 -- collecting point 300
testing H1<-5.0
evaluate ot="H1.bs<-5.0" t="H1<-5.0", ctx="{'H1': 0.12029285415470961}"
testing H1<-5.0
evaluate ot="H1.bs<-5.0" t="H1<-5.0", ctx="{'H1': 0.12029285415470961}"
testing H1<-5.0
evaluate ot="H1.bs<-5.0" t="H1<-5.0", ctx="{'H1': 0.12029285415470961}"
testing H1<-5.0
evaluate ot="H1.bs<-5.0" t="H1<-5.0", ctx="{'H1': 0.12029285415470961}"
testing H1<-5.0
evaluate ot="H1.bs<-5.0" t="H1<-5.0", ctx="{'H1': 0.12029285415470961}"
14:34:54 -- collecting point 325
testing H1<-5.0
evaluate ot="H1.bs<-5.0" t="H1<-5.0", ctx="{'H1': 0.12029285415470961}"
testing H1<-5.0
evaluate ot="H1.bs<-5.0" t="H1<-5.0", ctx="{'H1': 0.12029285415470961}"
testing H1<-5.0
evaluate ot="H1.bs<-5.0" t="H1<-5.0", ctx="{'H1': 0.12029285415470961}"
testing H1<-5.0
evaluate ot="H1.bs<-5.0" t="H1<-5.0", ctx="{'H1': 0.12029285415470961}"
testing H1<-5.0
evaluate ot="H1.bs<-5.0" t="H1<-5.0", ctx="{'H1': 0.12029285415470961}"
14:35:21 -- collecting point 350
testing H1<-5.0
evaluate ot="H1.bs<-5.0" t="H1<-5.0", ctx="{'H1': 0.12029285415470961}"
testing H1<-5.0
evaluate ot="H1.bs<-5.0" t="H1<-5.0", ctx="{'H1': 0.12029285415470961}"
testing H1<-5.0
evaluate ot="H1.bs<-5.0" t="H1<-5.0", ctx="{'H1': 0.12029285415470961}"
testing H1<-5.0
evaluate ot="H1.bs<-5.0" t="H1<-5.0", ctx="{'H1': 0.12029285415470961}"
testing H1<-5.0
evaluate ot="H1.bs<-5.0" t="H1<-5.0", ctx="{'H1': 0.12029285415470961}"
14:35:47 -- collecting point 375
testing H1<-5.0
evaluate ot="H1.bs<-5.0" t="H1<-5.0", ctx="{'H1': 0.12029285415470961}"
testing H1<-5.0
evaluate ot="H1.bs<-5.0" t="H1<-5.0", ctx="{'H1': 0.12029285415470961}"
testing H1<-5.0
evaluate ot="H1.bs<-5.0" t="H1<-5.0", ctx="{'H1': 0.12029285415470961}"
testing H1<-5.0
evaluate ot="H1.bs<-5.0" t="H1<-5.0", ctx="{'H1': 0.12029285415470961}"
testing H1<-5.0
evaluate ot="H1.bs<-5.0" t="H1<-5.0", ctx="{'H1': 0.12029285415470961}"
14:36:13 -- collecting point 400
waiting for write to finish
measurement finished
estimated time: 419.430 actual time: :421.269
flush and close file /Users/jan/PychronDev/data/isotopes/ad/bdca06-0b9e-4217-b0e2-a2681a49bd5f.h5
baselines () {'settling_time': 15.0, 'detector': 'H1', 'mass': 34.2, 'ncounts': 120}
%%%%%%%%%%%%%%%%%%%%%%%%%%%%%%%% Baseline
build tables- baseline [Detector(H2), Detector(H1), Detector(AX), Detector(L1), Detector(L2), Detector(CDD)]
add group baseline table H2
add group baseline table H1
add group baseline table AX
add group baseline table L1
add group baseline table L2
add group baseline table CDD
flush and close file /Users/jan/PychronDev/data/isotopes/ad/bdca06-0b9e-4217-b0e2-a2681a49bd5f.h5
detector Detector(H1)
POSITION 34.2 H1
Mapping mass to dac mass func: "parabolic"
H1 map mass coeffs = [ -3.11428344e-04   1.33794662e-01   1.02980323e+00]
H1 map mass to dac 34.2 >> 5.24132160773
GetDeflection H1 ===>> 0
GetHighVoltage ===>> 4500
positioning 34.2 (5.24132160773) on H1
setting magnet DAC
current  : 5.879210
requested: 5.241322
Delta Dac: 0.637888
Checking detector protection. dv=0.63789
Checking detector "CDD". Protection Threshold: 0.5 (V)
ProtectDetector CDD,On ===>> OK
GetDeflection CDD ===>> 2000
Protected = 2000
SetMagnetDAC 5.24132160773 ===>> OK
Magnet settling time: 0.500 0.500
Magnet settling complete
Wait for magnet to stop moving
GetMagnetMoving ===>> True
GetMagnetMoving ===>> True
GetMagnetMoving ===>> True
GetMagnetMoving ===>> True
GetMagnetMoving ===>> True
GetMagnetMoving ===>> True
GetMagnetMoving ===>> True
GetMagnetMoving ===>> True
GetMagnetMoving ===>> True
GetMagnetMoving ===>> False
Magnet move complete
Unprotect detectors
ProtectDetector CDD,Off ===>> OK
GetDeflection CDD ===>> 50
set_dac. change=True
Delaying 15.0s for detectors to settle
Join finished
measuring baseline. ncounts=120
"baseline" increment series count="2" fit count="1" regressing="True"
starting measurement
testing H1<-5.0
evaluate ot="H1.bs<-5.0" t="H1<-5.0", ctx="{'H1': 0.06474617194228702}"
testing H1<-5.0
evaluate ot="H1.bs<-5.0" t="H1<-5.0", ctx="{'H1': 0.07475698979976243}"
testing H1<-5.0
evaluate ot="H1.bs<-5.0" t="H1<-5.0", ctx="{'H1': 0.06263327522228869}"
testing H1<-5.0
evaluate ot="H1.bs<-5.0" t="H1<-5.0", ctx="{'H1': 0.07534280730797772}"
testing H1<-5.0
evaluate ot="H1.bs<-5.0" t="H1<-5.0", ctx="{'H1': 0.07261644298153243}"
14:36:58 -- collecting point 25
testing H1<-5.0
evaluate ot="H1.bs<-5.0" t="H1<-5.0", ctx="{'H1': 0.07490312413070971}"
testing H1<-5.0
evaluate ot="H1.bs<-5.0" t="H1<-5.0", ctx="{'H1': 0.07553156440298707}"
testing H1<-5.0
evaluate ot="H1.bs<-5.0" t="H1<-5.0", ctx="{'H1': 0.0710386340490605}"
testing H1<-5.0
evaluate ot="H1.bs<-5.0" t="H1<-5.0", ctx="{'H1': 0.07291098885442039}"
testing H1<-5.0
evaluate ot="H1.bs<-5.0" t="H1<-5.0", ctx="{'H1': 0.07567076671409002}"
14:37:25 -- collecting point 50
testing H1<-5.0
evaluate ot="H1.bs<-5.0" t="H1<-5.0", ctx="{'H1': 0.07667454042856209}"
testing H1<-5.0
evaluate ot="H1.bs<-5.0" t="H1<-5.0", ctx="{'H1': 0.07840835800742027}"
testing H1<-5.0
evaluate ot="H1.bs<-5.0" t="H1<-5.0", ctx="{'H1': 0.07808764538206411}"
testing H1<-5.0
evaluate ot="H1.bs<-5.0" t="H1<-5.0", ctx="{'H1': 0.08057743403024083}"
testing H1<-5.0
evaluate ot="H1.bs<-5.0" t="H1<-5.0", ctx="{'H1': 0.07896309476729055}"
14:37:51 -- collecting point 75
testing H1<-5.0
evaluate ot="H1.bs<-5.0" t="H1<-5.0", ctx="{'H1': 0.08168939415686881}"
testing H1<-5.0
evaluate ot="H1.bs<-5.0" t="H1<-5.0", ctx="{'H1': 0.0833448284145323}"
testing H1<-5.0
evaluate ot="H1.bs<-5.0" t="H1<-5.0", ctx="{'H1': 0.08340123537574212}"
testing H1<-5.0
evaluate ot="H1.bs<-5.0" t="H1<-5.0", ctx="{'H1': 0.08276343472121007}"
testing H1<-5.0
evaluate ot="H1.bs<-5.0" t="H1<-5.0", ctx="{'H1': 0.08218272520229335}"
14:38:17 -- collecting point 100
testing H1<-5.0
evaluate ot="H1.bs<-5.0" t="H1<-5.0", ctx="{'H1': 0.08080822250387198}"
testing H1<-5.0
evaluate ot="H1.bs<-5.0" t="H1<-5.0", ctx="{'H1': 0.08039861069175748}"
testing H1<-5.0
evaluate ot="H1.bs<-5.0" t="H1<-5.0", ctx="{'H1': 0.07985965707974378}"
testing H1<-5.0
evaluate ot="H1.bs<-5.0" t="H1<-5.0", ctx="{'H1': 0.08045514262867004}"
waiting for write to finish
measurement finished
estimated time: 125.829 actual time: :126.433
flush and close file /Users/jan/PychronDev/data/isotopes/ad/bdca06-0b9e-4217-b0e2-a2681a49bd5f.h5
activate_detectors ('H1', 'AX', 'L2', 'CDD') {'peak_center': True}
peak_center () {'detector': 'H1', 'integration_time': 0.262144, 'isotope': 'Ar40'}
peak center: mean=10.8689628778 threshold=3
peak center started
setup peak center. detector=['H1', 'AX', 'L2', 'CDD'], isotope=Ar40
VersionedUnpickler [<apptools.sweet_pickle.versioned_unpickler.VersionedUnpickler object at 0x15f95ed70>] using Updater [<apptools.sweet_pickle.updater.Updater object at 0x13851a350>]
VersionedUnpickler [<apptools.sweet_pickle.versioned_unpickler.VersionedUnpickler object at 0x15f95ed70>] using Updater [<apptools.sweet_pickle.updater.Updater object at 0x13851a350>]
VersionedUnpickler [<apptools.sweet_pickle.versioned_unpickler.VersionedUnpickler object at 0x15f95ed70>] using Updater [<apptools.sweet_pickle.updater.Updater object at 0x13851a350>]
Mapping mass to dac mass func: "parabolic"
H1 map mass coeffs = [ -3.11428344e-04   1.33794662e-01   1.02980323e+00]
H1 map mass to dac 39.9624 >> 5.87921
GetDeflection H1 ===>> 0
GetHighVoltage ===>> 4500
do peak center. <pychron.spectrometer.jobs.peak_center.PeakCenter object at 0x13851ad10>
doing pc
starting peak center. center dac= 5.87921 step_width=0.0015
width = 0.0015
get scan parameters. half-width=0.015,window=0.015, i=0, scalar=1
Scan parameters center=5.87921 width=0.03000 (5.86421 - 5.89421)
Moving to starting dac 5.86421
setting magnet DAC
current  : 5.241322
requested: 5.864210
Delta Dac: 0.622888
Checking detector protection. dv=0.62289
Checking detector "CDD". Protection Threshold: 0.5 (V)
ProtectDetector CDD,On ===>> OK
GetDeflection CDD ===>> 2000
Protected = 2000
SetMagnetDAC 5.86421 ===>> OK
Magnet settling time: 0.500 0.500
Magnet settling complete
Wait for magnet to stop moving
GetMagnetMoving ===>> True
GetMagnetMoving ===>> True
GetMagnetMoving ===>> True
GetMagnetMoving ===>> True
GetMagnetMoving ===>> True
GetMagnetMoving ===>> True
GetMagnetMoving ===>> True
GetMagnetMoving ===>> True
GetMagnetMoving ===>> True
GetMagnetMoving ===>> True
GetMagnetMoving ===>> False
Magnet move complete
Unprotect detectors
ProtectDetector CDD,Off ===>> OK
GetDeflection CDD ===>> 50
set_dac. change=True
Wait until signal near baseline. tol= 0.0597459344762. timeout= 10
Peak center baseline intensity achieved
_do_sweep sm= 5.86421, em= 5.89421, stm= 0.0015
calculated step values: start=5.86421, end=5.89421, width=0.0015, nsteps=21.0
setting magnet DAC
current  : 5.864210
requested: 5.864210
Delta Dac: 0.000000
Checking detector protection. dv=0.00000
Checking detector "CDD". Protection Threshold: 0.5 (V)
SetMagnetDAC 5.86421 ===>> OK
set_dac. change=False
setting magnet DAC
current  : 5.864210
requested: 5.865789
Delta Dac: 0.001579
Checking detector protection. dv=0.00158
Checking detector "CDD". Protection Threshold: 0.5 (V)
SetMagnetDAC 5.86578894737 ===>> OK
Magnet settling time: 2.097 0.500
Magnet settling complete
set_dac. change=True
setting magnet DAC
current  : 5.865789
requested: 5.867368
Delta Dac: 0.001579
Checking detector protection. dv=0.00158
Checking detector "CDD". Protection Threshold: 0.5 (V)
SetMagnetDAC 5.86736789474 ===>> OK
Magnet settling time: 2.097 0.500
Magnet settling complete
set_dac. change=True
setting magnet DAC
current  : 5.867368
requested: 5.868947
Delta Dac: 0.001579
Checking detector protection. dv=0.00158
Checking detector "CDD". Protection Threshold: 0.5 (V)
SetMagnetDAC 5.86894684211 ===>> OK
Magnet settling time: 2.097 0.500
Magnet settling complete
set_dac. change=True
setting magnet DAC
current  : 5.868947
requested: 5.870526
Delta Dac: 0.001579
Checking detector protection. dv=0.00158
Checking detector "CDD". Protection Threshold: 0.5 (V)
SetMagnetDAC 5.87052578947 ===>> OK
Magnet settling time: 2.097 0.500
Magnet settling complete
set_dac. change=True
setting magnet DAC
current  : 5.870526
requested: 5.872105
Delta Dac: 0.001579
Checking detector protection. dv=0.00158
Checking detector "CDD". Protection Threshold: 0.5 (V)
SetMagnetDAC 5.87210473684 ===>> OK
Magnet settling time: 2.097 0.500
Magnet settling complete
set_dac. change=True
setting magnet DAC
current  : 5.872105
requested: 5.873684
Delta Dac: 0.001579
Checking detector protection. dv=0.00158
Checking detector "CDD". Protection Threshold: 0.5 (V)
SetMagnetDAC 5.87368368421 ===>> OK
Magnet settling time: 2.097 0.500
Magnet settling complete
set_dac. change=True
setting magnet DAC
current  : 5.873684
requested: 5.875263
Delta Dac: 0.001579
Checking detector protection. dv=0.00158
Checking detector "CDD". Protection Threshold: 0.5 (V)
SetMagnetDAC 5.87526263158 ===>> OK
Magnet settling time: 2.097 0.500
Magnet settling complete
set_dac. change=True
setting magnet DAC
current  : 5.875263
requested: 5.876842
Delta Dac: 0.001579
Checking detector protection. dv=0.00158
Checking detector "CDD". Protection Threshold: 0.5 (V)
SetMagnetDAC 5.87684157895 ===>> OK
Magnet settling time: 2.097 0.500
Magnet settling complete
set_dac. change=True
setting magnet DAC
current  : 5.876842
requested: 5.878421
Delta Dac: 0.001579
Checking detector protection. dv=0.00158
Checking detector "CDD". Protection Threshold: 0.5 (V)
SetMagnetDAC 5.87842052632 ===>> OK
Magnet settling time: 2.097 0.500
Magnet settling complete
set_dac. change=True
setting magnet DAC
current  : 5.878421
requested: 5.879999
Delta Dac: 0.001579
Checking detector protection. dv=0.00158
Checking detector "CDD". Protection Threshold: 0.5 (V)
SetMagnetDAC 5.87999947368 ===>> OK
Magnet settling time: 2.097 0.500
Magnet settling complete
set_dac. change=True
setting magnet DAC
current  : 5.879999
requested: 5.881578
Delta Dac: 0.001579
Checking detector protection. dv=0.00158
Checking detector "CDD". Protection Threshold: 0.5 (V)
SetMagnetDAC 5.88157842105 ===>> OK
Magnet settling time: 2.097 0.500
Magnet settling complete
set_dac. change=True
setting magnet DAC
current  : 5.881578
requested: 5.883157
Delta Dac: 0.001579
Checking detector protection. dv=0.00158
Checking detector "CDD". Protection Threshold: 0.5 (V)
SetMagnetDAC 5.88315736842 ===>> OK
Magnet settling time: 2.097 0.500
Magnet settling complete
set_dac. change=True
setting magnet DAC
current  : 5.883157
requested: 5.884736
Delta Dac: 0.001579
Checking detector protection. dv=0.00158
Checking detector "CDD". Protection Threshold: 0.5 (V)
SetMagnetDAC 5.88473631579 ===>> OK
Magnet settling time: 2.097 0.500
Magnet settling complete
set_dac. change=True
setting magnet DAC
current  : 5.884736
requested: 5.886315
Delta Dac: 0.001579
Checking detector protection. dv=0.00158
Checking detector "CDD". Protection Threshold: 0.5 (V)
SetMagnetDAC 5.88631526316 ===>> OK
Magnet settling time: 2.097 0.500
Magnet settling complete
set_dac. change=True
setting magnet DAC
current  : 5.886315
requested: 5.887894
Delta Dac: 0.001579
Checking detector protection. dv=0.00158
Checking detector "CDD". Protection Threshold: 0.5 (V)
SetMagnetDAC 5.88789421053 ===>> OK
Magnet settling time: 2.097 0.500
Magnet settling complete
set_dac. change=True
setting magnet DAC
current  : 5.887894
requested: 5.889473
Delta Dac: 0.001579
Checking detector protection. dv=0.00158
Checking detector "CDD". Protection Threshold: 0.5 (V)
SetMagnetDAC 5.88947315789 ===>> OK
Magnet settling time: 2.097 0.500
Magnet settling complete
set_dac. change=True
setting magnet DAC
current  : 5.889473
requested: 5.891052
Delta Dac: 0.001579
Checking detector protection. dv=0.00158
Checking detector "CDD". Protection Threshold: 0.5 (V)
SetMagnetDAC 5.89105210526 ===>> OK
Magnet settling time: 2.097 0.500
Magnet settling complete
set_dac. change=True
setting magnet DAC
current  : 5.891052
requested: 5.892631
Delta Dac: 0.001579
Checking detector protection. dv=0.00158
Checking detector "CDD". Protection Threshold: 0.5 (V)
SetMagnetDAC 5.89263105263 ===>> OK
Magnet settling time: 2.097 0.500
Magnet settling complete
set_dac. change=True
setting magnet DAC
current  : 5.892631
requested: 5.894210
Delta Dac: 0.001579
Checking detector protection. dv=0.00158
Checking detector "CDD". Protection Threshold: 0.5 (V)
SetMagnetDAC 5.89421 ===>> OK
Magnet settling time: 2.097 0.500
Magnet settling complete
set_dac. change=True
result of _do_sweep=True
result of _calculate_peak_center=([5.8718753306613216, 5.8793001803607208, 5.8867250300601199], [10.354333586645705, 14.032511377672366, 10.353247319670318], 5.8831478757515026, 14.032511377672366)
Failed to find a valid peak. No peak greater than 1.0. max = 0.127878167455
Failed to find a valid peak. No peak greater than 1.0. max = 0.0160450275605
new center pos Detector(H1) (Ar40) @ 5.87930018036
GetHighVoltage ===>> 4500
GetDeflection H1 ===>> 0
dac uncorrected for HV and deflection 5.87930018036
update mftable H1 Ar40 5.87930018036 message=automated run peakcenter
get initial guess parabolic
get initial guess parabolic
get initial guess parabolic
get initial guess parabolic
get initial guess parabolic
get initial guess parabolic
dump mftable to /Users/jan/PychronDev/setupfiles/spectrometer/mftables/mftable.csv
add to repo msg=modified - automated run peakcenter
sweep finished
locally archiving mftable
setting magnet DAC
current  : 5.894210
requested: 5.879300
Delta Dac: 0.014910
Checking detector protection. dv=0.01491
Checking detector "CDD". Protection Threshold: 0.5 (V)
SetMagnetDAC 5.87930018036 ===>> OK
Magnet settling time: 0.500 0.500
Magnet settling complete
set_dac. change=True
Failed to find a valid peak. No peak greater than 1.0. max = 0.127878167455
Failed to find a valid peak. No peak greater than 1.0. max = 0.0160450275605
flush and close file /Users/jan/PychronDev/data/isotopes/ad/bdca06-0b9e-4217-b0e2-a2681a49bd5f.h5
finished measure script
executed snippet estimated_duration=568.532928, duration=641.267294884
jan_unknown400_120.py completed successfully
Measurement Finished
14:39:36 -- ******* Measurement Finished *******
Post Measurement Started jan_pump_ms.py
14:39:36 -- ******* Post Measurement Started jan_pump_ms.py *******
testing...
no interpolation path defined
executed snippet estimated_duration=0, duration=2.59876251221e-05
Pumping spectrometer
open () {'name': 'O'}
open name=O desc=---
checking ownership. requestor=129.138.12.150
check software interlocks O
interlocks []
actuate state mode=None-script, software_lock=False
doing actuation None-script open_channel True
Open O ===>> OK
GetIndicatorState O ===>> OK
change switch state (True, True)
update switch state O True args=() kw={} ncanvase=3
14:39:36 -- OPEN   VALVE-O (Jan Ion Pump)
-------------------------- open O () result=[(True, True)]
action=open, ok=True, locked=[False]
executed snippet estimated_duration=0, duration=0.388688087463
jan_pump_ms.py completed successfully
setting _ms_pumptime
Post Measurement Finished
14:39:37 -- ******* Post Measurement Finished *******
$$$$$$$$$$$$$$$$$$$$ state at run end measurement
state changed from measurement to success
post measurement save measured=True aborted=False
Set filtering
setting fod for Ar41= {'filter_outliers': True, 'std_devs': 2, 'iterations': 1}
setting fod for H2= {'filter_outliers': True, 'std_devs': 2, 'iterations': 1}
setting fod for Ar40= {'filter_outliers': True, 'std_devs': 2, 'iterations': 1}
setting fod for H1= {'filter_outliers': True, 'std_devs': 2, 'iterations': 1}
setting fod for Ar36= {'filter_outliers': True, 'std_devs': 2, 'iterations': 1}
setting fod for CDD= {'filter_outliers': True, 'std_devs': 10, 'iterations': 1}
setting fod for Ar37= {'filter_outliers': True, 'std_devs': 2, 'iterations': 1}
setting fod for L2= {'filter_outliers': True, 'std_devs': 2, 'iterations': 1}
setting fod for Ar38= {'filter_outliers': True, 'std_devs': 2, 'iterations': 1}
setting fod for L1= {'filter_outliers': True, 'std_devs': 2, 'iterations': 1}
setting fod for Ar39= {'filter_outliers': True, 'std_devs': 2, 'iterations': 1}
setting fod for AX= {'filter_outliers': True, 'std_devs': 2, 'iterations': 1}
persistence save...
persistence save - db
post measurement save
6077249488 connecting to database sqlite:////Users/jan/PychronDev/.appdata/local_lab.db
connected to db sqlite:////Users/jan/PychronDev/.appdata/local_lab.db
create new session 6077249488
close session 6077249488
No database instance. Not saving post measurement to isotopedb database
$$$$$$$$$$$$$$$ auto_save_detector_ic=False
massspec enabled True
create new session 5020919856
MassSpec Database Version: 16.0
close session 5020919856
saving post measurement to secondary database
saving to massspec database 129.138.12.160/massspecdata
setting labnumber to bu-FC-J
setting aliquot to 8082
setting step to 
setting uuid to adbdca06-0b9e-4217-b0e2-a2681a49bd5f
setting irradpos to bu-FC-J
setting extract_device to Fusions CO2
setting tray to 
setting position to 
setting power_requested to 0.0
setting extract_value to 0.0
setting duration to 30.0
setting duration_at_request to 30.0
setting first_stage_delay to 30.0
setting cleanup to 30.0
setting comment to 
setting irradiation to NoIrradiation
setting level to A
setting irradiation_level to A
setting sample to blank_unknown
setting material to Blank
setting project to REFERENCES
setting mass_spectrometer to Jan
no attribute chron_dosages
no attribute production_ratios
no attribute interference_corrections
no attribute production_name
no attribute j
Reference Isotope=Ar40
Reference Detector=H1
%%%%%%%%%%%%%%%%%%%% Comment:  %%%%%%%%%%%%%%%%%%%
adding isotope Ar41 H2
add baseline dbdet= Ar41. original det= H2
get baseline data Ar41 H2
Get data baseline <pychron.processing.isotope.Baseline object at 0x15d77a390> len t=120
baseline Ar41. v=-0.0730064783582, e=0.00284447083677
get signal data Ar41 H2
Get data signal Ar41 0.0143+/-0.0033 len t=400
adding isotope Ar40 H1
add baseline dbdet= Ar40. original det= H1
get baseline data Ar40 H1
Get data baseline <pychron.processing.isotope.Baseline object at 0x15d77a250> len t=120
baseline Ar40. v=0.081258640716, e=0.00378295144972
get signal data Ar40 H1
Get data signal Ar40 0.433+/-0.010 len t=400
adding isotope Ar39 AX
add baseline dbdet= Ar39. original det= AX
get baseline data Ar39 AX
Get data baseline <pychron.processing.isotope.Baseline object at 0x1470649d0> len t=120
baseline Ar39. v=-0.0495990820806, e=0.004263664132
get signal data Ar39 AX
Get data signal Ar39 0.030+/-0.009 len t=400
adding isotope Ar38 L1
add baseline dbdet= Ar38. original det= L1
get baseline data Ar38 L1
Get data baseline <pychron.processing.isotope.Baseline object at 0x147064950> len t=120
baseline Ar38. v=-0.0299200835137, e=0.00187675900987
get signal data Ar38 L1
Get data signal Ar38 0.0167+/-0.0024 len t=400
adding isotope Ar37 L2
add baseline dbdet= Ar37. original det= L2
get baseline data Ar37 L2
Get data baseline <pychron.processing.isotope.Baseline object at 0x1470647d0> len t=120
baseline Ar37. v=-0.0278375058475, e=0.00430780583039
get signal data Ar37 L2
Get data signal Ar37 0.064+/-0.005 len t=400
adding isotope Ar36 CDD
add baseline dbdet= Ar36. original det= CDD
get baseline data Ar36 CDD
Get data baseline <pychron.processing.isotope.Baseline object at 0x147064450> len t=120
baseline Ar36. v=1.73480251989e-05, e=4.37588075167e-06
get signal data Ar36 CDD
Get data signal Ar36 0.00460+/-0.00018 len t=400
bu-FC-J-8082 added analysis time 0.544275999069s
analysis added to mass spec database
mass spec save time= 0.557
persistence save - dvc
================= post measurement started
create new session 4948490384
close session 4948490384
---------------- Experiment Queue saving disabled
DVC saving peakcenter
Failed to find a valid peak. No peak greater than 1.0. max = 0.127878167455
Failed to find a valid peak. No peak greater than 1.0. max = 0.0160450275605
Smart pull ahead: 0 behind: 0
Up-to-date with origin
add to repo msg=modified - ad8224ebc6dbfeb9f5997218dfa5fe690569839d.json
add to repo msg=modified - -J-8082.json
add to repo msg=modified - -J-8082.dat.json
add to repo msg=modified - -J-8082.blan.json
add to repo msg=modified - -J-8082.inte.json
add to repo msg=modified - -J-8082.icfa.json
add to repo msg=modified - -J-8082.base.json
not at valid file /Users/jan/PychronDev/data/.dvc/repositories/C-Henry/bu-FC/tags/-J-8082.tags.json
add to repo msg=modified - -J-8082.peak.json
add to repo msg=modified - -J-8082.extr.json
not at valid file /Users/jan/PychronDev/data/.dvc/repositories/C-Henry/bu-FC/monitor/-J-8082.moni.json
commit message=<COLLECTION>
add to repo msg=modified - -J-8082.inte.json
add to repo msg=modified - -J-8082.base.json
commit message=<ISOEVO> default collection fits
add to repo msg=modified - -J-8082.blan.json
commit message=<BLANKS> preceding bu-FC-J-8081
add to repo msg=modified - -J-8082.icfa.json
commit message=<ICFactor> default
push repository <pychron.git_archive.repo_manager.GitRepoManager object at 0x140e2ed70>
pushing to remote=origin, url=https://github.com
no changes to meta repo
create new session 4948490384
add association C-Henry
get identifier "bu-FC-J"
setting analysis irradiation position=<pychron.dvc.dvc_orm.IrradiationPositionTbl object at 0x149c7a050>
close session 4948490384
================= post measurement finished
14:39:49 -- ******* Post Run Check *******
loading queue conditionals post_run_actions
loading system conditionals post_run_actions
loading conditionals from /Users/jan/PychronDev/setupfiles/spectrometer/default_conditionals.yaml
loading queue conditionals post_run_terminations
loading system conditionals post_run_terminations
loading conditionals from /Users/jan/PychronDev/setupfiles/spectrometer/default_conditionals.yaml
Checking default post run terminations n=1
GetDeflection CDD ===>> 50
testing CDD==2000
evaluate ot="CDD.deflection==2000" t="CDD==2000", ctx="{'CDD': 50.0}"
14:39:49 -- ******* Post Run Check Passed *******
14:39:49 -- Automated run bu-FC-J-8082 success duration: 724.513 s
----------------- finish -----------------
----------------- stop -----------------
retroactive repository identifiers disabled
finish run. runs completed=43
update duration runid=bu-FC-J-8082, duration=724.512881041, md5=4c9e8ecc
loading script "jan_unknown120_60.py"
loading script "jan_pump_ms.py"
loading script "jan_co2.py"
loading script "jan_pump_extraction_line.py"
testing...
no interpolation path defined
executed snippet estimated_duration=213.652928, duration=0.000337839126587
script duration name:unknown120_60 seconds:214.0
loading script "jan_unknown120_60.py"
loading script "jan_pump_ms.py"
loading script "jan_co2.py"
loading script "jan_pump_extraction_line.py"
testing...
no interpolation path defined
executed snippet estimated_duration=0, duration=3.60012054443e-05
loading script "jan_unknown120_60.py"
loading script "jan_pump_ms.py"
loading script "jan_co2.py"
loading script "jan_pump_extraction_line.py"
testing...
no interpolation path defined
calculate duration
testing...
no interpolation path defined
executed snippet estimated_duration=0, duration=6.00814819336e-05
calculate duration
testing...
no interpolation path defined
executed snippet estimated_duration=0, duration=0.000117063522339
executed snippet estimated_duration=0.0, duration=0.0104839801788
script duration name:co2 seconds:0.0
loading script "jan_unknown120_60.py"
loading script "jan_pump_ms.py"
loading script "jan_co2.py"
loading script "jan_pump_extraction_line.py"
testing...
no interpolation path defined
calculate duration
testing...
no interpolation path defined
executed snippet estimated_duration=4.0, duration=0.000178098678589
executed snippet estimated_duration=4.0, duration=0.00355911254883
Script duration 214.0
Run total estimated duration= 215.000
unknown120_60 in script context. using previous estimated duration
script duration name:unknown120_60 seconds:214.0
pump_ms in script context. using previous estimated duration
co2 in script context. using previous estimated duration
script duration name:co2 seconds:0.0
pump_extraction_line in script context. using previous estimated duration
Script duration 214.0
Run total estimated duration= 215.000
loading script "jan_unknown400_120.py"
loading script "jan_pump_ms.py"
loading script "jan_sniffair_x2.py"
loading script "jan_pump_extraction_line.py"
testing...
no interpolation path defined
executed snippet estimated_duration=556.052928, duration=0.000164031982422
script duration name:unknown400_120 seconds:556.0
loading script "jan_unknown400_120.py"
loading script "jan_pump_ms.py"
loading script "jan_sniffair_x2.py"
loading script "jan_pump_extraction_line.py"
testing...
no interpolation path defined
calculate duration
testing...
no interpolation path defined
executed snippet estimated_duration=0, duration=4.79221343994e-05
calculate duration
testing...
no interpolation path defined
executed snippet estimated_duration=0, duration=0.000102996826172
calculate duration
testing...
no interpolation path defined
executed snippet estimated_duration=32.0, duration=8.39233398438e-05
calculate duration
testing...
no interpolation path defined
executed snippet estimated_duration=34.0, duration=9.29832458496e-05
calculate duration
testing...
no interpolation path defined
executed snippet estimated_duration=4.0, duration=6.98566436768e-05
calculate duration
testing...
no interpolation path defined
executed snippet estimated_duration=36.0, duration=8.60691070557e-05
calculate duration
testing...
no interpolation path defined
executed snippet estimated_duration=34.0, duration=9.29832458496e-05
calculate duration
testing...
no interpolation path defined
executed snippet estimated_duration=4.0, duration=6.00814819336e-05
calculate duration
testing...
no interpolation path defined
executed snippet estimated_duration=36.0, duration=9.20295715332e-05
calculate duration
testing...
no interpolation path defined
executed snippet estimated_duration=70.0, duration=0.000115156173706
executed snippet estimated_duration=250.0, duration=0.00989198684692
script duration name:sniffair_x2 seconds:250.0
Script duration 806.0
Run total estimated duration= 807.000
unknown400_120 in script context. using previous estimated duration
script duration name:unknown400_120 seconds:556.0
sniffair_x2 in script context. using previous estimated duration
script duration name:sniffair_x2 seconds:250.0
Script duration 806.0
Run total estimated duration= 807.000
script duration name:unknown400_120 seconds:556.0
loading script "jan_unknown400_120.py"
loading script "jan_pump_ms.py"
loading script "jan_cocktail_x1.py"
loading script "jan_pump_extraction_line.py"
testing...
no interpolation path defined
calculate duration
testing...
no interpolation path defined
executed snippet estimated_duration=0, duration=4.38690185547e-05
calculate duration
testing...
no interpolation path defined
executed snippet estimated_duration=0, duration=9.48905944824e-05
calculate duration
testing...
no interpolation path defined
executed snippet estimated_duration=32.0, duration=8.17775726318e-05
calculate duration
testing...
no interpolation path defined
executed snippet estimated_duration=34.0, duration=8.58306884766e-05
calculate duration
testing...
no interpolation path defined
executed snippet estimated_duration=4.0, duration=8.20159912109e-05
calculate duration
testing...
no interpolation path defined
executed snippet estimated_duration=38.0, duration=7.79628753662e-05
executed snippet estimated_duration=108.0, duration=0.00564789772034
script duration name:cocktail_x1 seconds:108.0
Script duration 664.0
Run total estimated duration= 665.000
script duration name:unknown400_120 seconds:556.0
loading script "jan_unknown400_120.py"
loading script "jan_cocktail_x1.py"
loading script "jan_pump_extraction_line.py"
cocktail_x1 in script context. using previous estimated duration
script duration name:cocktail_x1 seconds:108.0
Script duration 664.0
Run total estimated duration= 665.000
loading script "jan_ic_peak_hop3_no_eq.py"
loading script "jan_pump_ms.py"
loading script "jan_pump_extraction_line.py"
testing...
no interpolation path defined
executed snippet estimated_duration=94.0, duration=0.00776791572571
script duration name:ic_peak_hop3_no_eq seconds:94.0
loading script "jan_ic_peak_hop3_no_eq.py"
loading script "jan_pump_ms.py"
loading script "jan_pump_extraction_line.py"
Script duration 94.0
Run total estimated duration= 95.000
script duration name:unknown120_60 seconds:214.0
script duration name:co2 seconds:0.0
Script duration 214.0
Run total estimated duration= 215.000
script duration name:unknown120_60 seconds:214.0
script duration name:co2 seconds:0.0
Script duration 214.0
Run total estimated duration= 215.000
script duration name:unknown120_60 seconds:214.0
script duration name:co2 seconds:0.0
Script duration 214.0
Run total estimated duration= 215.000
script duration name:unknown120_60 seconds:214.0
script duration name:co2 seconds:0.0
Script duration 214.0
Run total estimated duration= 215.000
script duration name:unknown120_60 seconds:214.0
script duration name:co2 seconds:0.0
Script duration 214.0
Run total estimated duration= 215.000
script duration name:unknown400_120 seconds:556.0
script duration name:co2 seconds:0.0
Script duration 556.0
Run total estimated duration= 557.000
script duration name:unknown120_60 seconds:214.0
script duration name:co2 seconds:0.0
Script duration 214.0
Run total estimated duration= 215.000
script duration name:unknown120_60 seconds:214.0
script duration name:co2 seconds:0.0
Script duration 214.0
Run total estimated duration= 215.000
script duration name:unknown120_60 seconds:214.0
script duration name:co2 seconds:0.0
Script duration 214.0
Run total estimated duration= 215.000
script duration name:unknown120_60 seconds:214.0
script duration name:co2 seconds:0.0
Script duration 214.0
Run total estimated duration= 215.000
script duration name:unknown120_60 seconds:214.0
script duration name:co2 seconds:0.0
Script duration 214.0
Run total estimated duration= 215.000
script duration name:unknown120_60 seconds:214.0
script duration name:co2 seconds:0.0
Script duration 214.0
Run total estimated duration= 215.000
script duration name:unknown400_120 seconds:556.0
script duration name:sniffair_x2 seconds:250.0
Script duration 806.0
Run total estimated duration= 807.000
script duration name:unknown400_120 seconds:556.0
loading script "jan_unknown400_120.py"
loading script "jan_cocktail_x1.py"
loading script "jan_pump_extraction_line.py"
script duration name:cocktail_x1 seconds:108.0
Script duration 664.0
Run total estimated duration= 665.000
ic_peak_hop3_no_eq in script context. using previous estimated duration
script duration name:ic_peak_hop3_no_eq seconds:94.0
loading script "jan_ic_peak_hop3_no_eq.py"
loading script "jan_pump_ms.py"
loading script "jan_pump_extraction_line.py"
Script duration 94.0
Run total estimated duration= 95.000
script duration name:unknown120_60 seconds:214.0
script duration name:co2 seconds:0.0
Script duration 214.0
Run total estimated duration= 215.000
script duration name:unknown120_60 seconds:214.0
script duration name:co2 seconds:0.0
Script duration 214.0
Run total estimated duration= 215.000
script duration name:unknown120_60 seconds:214.0
script duration name:co2 seconds:0.0
Script duration 214.0
Run total estimated duration= 215.000
script duration name:unknown120_60 seconds:214.0
script duration name:co2 seconds:0.0
Script duration 214.0
Run total estimated duration= 215.000
script duration name:unknown120_60 seconds:214.0
script duration name:co2 seconds:0.0
Script duration 214.0
Run total estimated duration= 215.000
script duration name:unknown120_60 seconds:214.0
script duration name:co2 seconds:0.0
Script duration 214.0
Run total estimated duration= 215.000
script duration name:unknown120_60 seconds:214.0
script duration name:co2 seconds:0.0
Script duration 214.0
Run total estimated duration= 215.000
script duration name:unknown400_120 seconds:556.0
script duration name:co2 seconds:0.0
Script duration 556.0
Run total estimated duration= 557.000
script duration name:unknown400_120 seconds:556.0
script duration name:sniffair_x2 seconds:250.0
Script duration 806.0
Run total estimated duration= 807.000
script duration name:unknown400_120 seconds:556.0
script duration name:sniffair_x2 seconds:250.0
Script duration 806.0
Run total estimated duration= 807.000
script duration name:unknown400_120 seconds:556.0
script duration name:cocktail_x1 seconds:108.0
Script duration 664.0
Run total estimated duration= 665.000
script duration name:unknown400_120 seconds:556.0
loading script "jan_unknown400_120.py"
loading script "jan_cocktail_x1.py"
loading script "jan_pump_extraction_line.py"
script duration name:cocktail_x1 seconds:108.0
Script duration 664.0
Run total estimated duration= 665.000
script duration name:ic_peak_hop3_no_eq seconds:94.0
loading script "jan_ic_peak_hop3_no_eq.py"
loading script "jan_pump_ms.py"
loading script "jan_pump_extraction_line.py"
Script duration 94.0
Run total estimated duration= 95.000
nruns=35 before=5.0, run_dur=13059.0, btw=1530.0
write rem/ex queues
/Users/jan/PychronDev/experiments/rem/CurrentExperiment.rem.txt
/Users/jan/PychronDev/experiments/rem/CurrentExperiment.ex.txt
doing event level: 3
